#
# There is insufficient memory for the Java Runtime Environment to continue.
# Native memory allocation (mmap) failed to map 97517568 bytes for G1 virtual space
# Possible reasons:
#   The system is out of physical RAM or swap space
#   The process is running with CompressedOops enabled, and the Java Heap may be blocking the growth of the native heap
# Possible solutions:
#   Reduce memory load on the system
#   Increase physical memory or swap space
#   Check if swap backing store is full
#   Decrease Java heap size (-Xmx/-Xms)
#   Decrease number of Java threads
#   Decrease Java thread stack sizes (-Xss)
#   Set larger code cache with -XX:ReservedCodeCacheSize=
#   JVM is running with Unscaled Compressed Oops mode in which the Java heap is
#     placed in the first 4GB address space. The Java Heap base address is the
#     maximum limit for the native heap growth. Please use -XX:HeapBaseMinAddress
#     to set the Java Heap base and to place the Java Heap above 4GB virtual address.
# This output file may be truncated or incomplete.
#
#  Out of Memory Error (os_windows.cpp:3527), pid=5456, tid=12796
#
# JRE version: Java(TM) SE Runtime Environment (19.0.1+10) (build 19.0.1+10-21)
# Java VM: Java HotSpot(TM) 64-Bit Server VM (19.0.1+10-21, mixed mode, sharing, tiered, compressed oops, compressed class ptrs, g1 gc, windows-amd64)
# No core dump will be written. Minidumps are not enabled by default on client versions of Windows
#

---------------  S U M M A R Y ------------

Command Line: -XX:MaxMetaspaceSize=512m --add-opens=java.base/java.util=ALL-UNNAMED --add-opens=java.base/java.lang=ALL-UNNAMED --add-opens=java.base/java.lang.invoke=ALL-UNNAMED --add-opens=java.prefs/java.util.prefs=ALL-UNNAMED --add-opens=java.base/java.nio.charset=ALL-UNNAMED --add-opens=java.base/java.net=ALL-UNNAMED --add-opens=java.base/java.util.concurrent.atomic=ALL-UNNAMED -Xmx2048m -Dfile.encoding=UTF-8 -Duser.country=US -Duser.language=en -Duser.variant org.gradle.launcher.daemon.bootstrap.GradleDaemon 8.0.1

Host: Intel(R) Core(TM) i3-5015U CPU @ 2.10GHz, 4 cores, 7G,  Windows 10 , 64 bit Build 19041 (10.0.19041.3570)
Time: Fri Oct 13 22:56:55 2023 Pakistan Standard Time elapsed time: 237.316832 seconds (0d 0h 3m 57s)

---------------  T H R E A D  ---------------

Current thread (0x000001ca75b8b2f0):  VMThread "VM Thread" [stack: 0x0000008649f00000,0x000000864a000000] [id=12796]

Stack: [0x0000008649f00000,0x000000864a000000]
Native frames: (J=compiled Java code, j=interpreted, Vv=VM code, C=native code)
V  [jvm.dll+0x6ee8fa]
V  [jvm.dll+0x857a1e]
V  [jvm.dll+0x85940e]
V  [jvm.dll+0x859ac3]
V  [jvm.dll+0x28291f]
V  [jvm.dll+0x6eb6e9]
V  [jvm.dll+0x6e028a]
V  [jvm.dll+0x357136]
V  [jvm.dll+0x35eb96]
V  [jvm.dll+0x3b555e]
V  [jvm.dll+0x3b578f]
V  [jvm.dll+0x32c6ea]
V  [jvm.dll+0x32f276]
V  [jvm.dll+0x339df5]
V  [jvm.dll+0x372a40]
V  [jvm.dll+0x85ef83]
V  [jvm.dll+0x85fd49]
V  [jvm.dll+0x86027d]
V  [jvm.dll+0x86070b]
V  [jvm.dll+0x8607c7]
V  [jvm.dll+0x8015fa]
V  [jvm.dll+0x6ed5eb]
C  [ucrtbase.dll+0x21bb2]
C  [KERNEL32.DLL+0x17344]
C  [ntdll.dll+0x526b1]

VM_Operation (0x0000008649bffad0): G1PauseRemark, mode: safepoint, requested by thread 0x000001ca57bf16c0


---------------  P R O C E S S  ---------------

Threads class SMR info:
_java_thread_list=0x000001ca051fb6b0, length=89, elements={
0x000001ca57b80ee0, 0x000001ca75ba5760, 0x000001ca75ba7700, 0x000001ca75ba8690,
0x000001ca75babfe0, 0x000001ca75bac910, 0x000001ca75baf250, 0x000001ca75bafeb0,
0x000001ca75bcc6e0, 0x000001ca75c1b7d0, 0x000001ca7a0eec90, 0x000001ca7a0f9620,
0x000001ca7abc1b20, 0x000001ca7a2d1ed0, 0x000001ca7b62b420, 0x000001ca7b5ed840,
0x000001ca7b711020, 0x000001ca7b7af070, 0x000001ca7b7af5b0, 0x000001ca75bfdb00,
0x000001ca75bfd5b0, 0x000001ca75bfbb20, 0x000001ca75bfb080, 0x000001ca75bfe050,
0x000001ca75bfe5a0, 0x000001ca75bfc5c0, 0x000001ca75bfc070, 0x000001ca75bfcb10,
0x000001ca75bfd060, 0x000001ca7c1d02a0, 0x000001ca7c1d4260, 0x000001ca7c1cf800,
0x000001ca7c1d4d00, 0x000001ca7c1cfd50, 0x000001ca7c1d0d40, 0x000001ca7c1d1290,
0x000001ca7c1d6790, 0x000001ca7c1d6240, 0x000001ca7c1d37c0, 0x000001ca7c1d57a0,
0x000001ca7c1d17e0, 0x000001ca7c1d3d10, 0x000001ca7c1d2d20, 0x000001ca7c1d2280,
0x000001ca7c1d6ce0, 0x000001ca7c1d27d0, 0x000001ca7c1d3270, 0x000001ca7c1d5250,
0x000001ca7c1d5cf0, 0x000001ca7a97abd0, 0x000001ca7a978bf0, 0x000001ca7a97bbc0,
0x000001ca7a979140, 0x000001ca7a97e0f0, 0x000001ca7a979690, 0x000001ca7a97b670,
0x000001ca7a97eb90, 0x000001ca7a97c110, 0x000001ca7a97c660, 0x000001ca7a977160,
0x000001ca7a97dba0, 0x000001ca7a97cbb0, 0x000001ca7a97a680, 0x000001ca7a978150,
0x000001ca7a97e640, 0x000001ca7a979be0, 0x000001ca7a9786a0, 0x000001ca7a97d100,
0x000001ca7a97b120, 0x000001ca7a97d650, 0x000001ca7c011030, 0x000001ca7c014aa0,
0x000001ca7c00e060, 0x000001ca7c013ab0, 0x000001ca7c014000, 0x000001ca7c012020,
0x000001ca7c00d070, 0x000001ca7c013560, 0x000001ca7c00d5c0, 0x000001ca7c014550,
0x000001ca7c00db10, 0x000001ca7c011580, 0x000001ca7c012570, 0x000001ca7c012ac0,
0x000001ca7c00e5b0, 0x000001ca7c011ad0, 0x000001ca7c00eb00, 0x000001ca04628a10,
0x000001ca0462df10
}

Java Threads: ( => current thread )
  0x000001ca57b80ee0 JavaThread "main" [_thread_blocked, id=12480, stack(0x0000008649900000,0x0000008649a00000)]
  0x000001ca75ba5760 JavaThread "Reference Handler" daemon [_thread_blocked, id=4220, stack(0x000000864a000000,0x000000864a100000)]
  0x000001ca75ba7700 JavaThread "Finalizer" daemon [_thread_blocked, id=8208, stack(0x000000864a100000,0x000000864a200000)]
  0x000001ca75ba8690 JavaThread "Signal Dispatcher" daemon [_thread_blocked, id=10648, stack(0x000000864a200000,0x000000864a300000)]
  0x000001ca75babfe0 JavaThread "Attach Listener" daemon [_thread_blocked, id=5532, stack(0x000000864a300000,0x000000864a400000)]
  0x000001ca75bac910 JavaThread "Service Thread" daemon [_thread_blocked, id=13732, stack(0x000000864a400000,0x000000864a500000)]
  0x000001ca75baf250 JavaThread "Monitor Deflation Thread" daemon [_thread_blocked, id=8712, stack(0x000000864a500000,0x000000864a600000)]
  0x000001ca75bafeb0 JavaThread "C2 CompilerThread0" daemon [_thread_blocked, id=11572, stack(0x000000864a600000,0x000000864a700000)]
  0x000001ca75bcc6e0 JavaThread "C1 CompilerThread0" daemon [_thread_blocked, id=13848, stack(0x000000864a700000,0x000000864a800000)]
  0x000001ca75c1b7d0 JavaThread "Sweeper thread" daemon [_thread_blocked, id=8360, stack(0x000000864a800000,0x000000864a900000)]
  0x000001ca7a0eec90 JavaThread "Common-Cleaner" daemon [_thread_blocked, id=6916, stack(0x000000864a900000,0x000000864aa00000)]
  0x000001ca7a0f9620 JavaThread "Notification Thread" daemon [_thread_blocked, id=12868, stack(0x000000864aa00000,0x000000864ab00000)]
  0x000001ca7abc1b20 JavaThread "Daemon health stats" [_thread_blocked, id=1636, stack(0x000000864af00000,0x000000864b000000)]
  0x000001ca7a2d1ed0 JavaThread "Incoming local TCP Connector on port 18898" [_thread_in_native, id=8296, stack(0x000000864b000000,0x000000864b100000)]
  0x000001ca7b62b420 JavaThread "Daemon periodic checks" [_thread_blocked, id=11212, stack(0x000000864b100000,0x000000864b200000)]
  0x000001ca7b5ed840 JavaThread "Daemon" [_thread_blocked, id=2500, stack(0x000000864b200000,0x000000864b300000)]
  0x000001ca7b711020 JavaThread "Handler for socket connection from /127.0.0.1:18898 to /127.0.0.1:18900" [_thread_in_native, id=8904, stack(0x000000864b300000,0x000000864b400000)]
  0x000001ca7b7af070 JavaThread "Cancel handler" [_thread_blocked, id=9064, stack(0x000000864b400000,0x000000864b500000)]
  0x000001ca7b7af5b0 JavaThread "Daemon worker" [_thread_blocked, id=10644, stack(0x000000864b500000,0x000000864b600000)]
  0x000001ca75bfdb00 JavaThread "Asynchronous log dispatcher for DefaultDaemonConnection: socket connection from /127.0.0.1:18898 to /127.0.0.1:18900" [_thread_blocked, id=9132, stack(0x000000864b600000,0x000000864b700000)]
  0x000001ca75bfd5b0 JavaThread "Stdin handler" [_thread_blocked, id=12400, stack(0x000000864b700000,0x000000864b800000)]
  0x000001ca75bfbb20 JavaThread "Daemon client event forwarder" [_thread_blocked, id=5764, stack(0x000000864b800000,0x000000864b900000)]
  0x000001ca75bfb080 JavaThread "Cache worker for journal cache (C:\Users\User\.gradle\caches\journal-1)" [_thread_blocked, id=2264, stack(0x000000864b900000,0x000000864ba00000)]
  0x000001ca75bfe050 JavaThread "File lock request listener" [_thread_in_native, id=5664, stack(0x000000864ba00000,0x000000864bb00000)]
  0x000001ca75bfe5a0 JavaThread "File lock release action executor" [_thread_blocked, id=10860, stack(0x000000864bb00000,0x000000864bc00000)]
  0x000001ca75bfc5c0 JavaThread "Cache worker for file hash cache (C:\Users\User\.gradle\caches\8.0.1\fileHashes)" [_thread_blocked, id=456, stack(0x000000864bc00000,0x000000864bd00000)]
  0x000001ca75bfc070 JavaThread "File watcher server" daemon [_thread_blocked, id=1984, stack(0x000000864bd00000,0x000000864be00000)]
  0x000001ca75bfcb10 JavaThread "File watcher consumer" daemon [_thread_blocked, id=9756, stack(0x000000864be00000,0x000000864bf00000)]
  0x000001ca75bfd060 JavaThread "Cache worker for checksums cache (D:\Data 1\mobileApps\DoctorApp\android\.gradle\8.0.1\checksums)" [_thread_blocked, id=4788, stack(0x000000864bf00000,0x000000864c000000)]
  0x000001ca7c1d02a0 JavaThread "Cache worker for cache directory md-rule (C:\Users\User\.gradle\caches\8.0.1\md-rule)" [_thread_blocked, id=4616, stack(0x000000864c000000,0x000000864c100000)]
  0x000001ca7c1d4260 JavaThread "Cache worker for file content cache (C:\Users\User\.gradle\caches\8.0.1\fileContent)" [_thread_blocked, id=13664, stack(0x000000864c100000,0x000000864c200000)]
  0x000001ca7c1cf800 JavaThread "Cache worker for file hash cache (D:\Data 1\mobileApps\DoctorApp\android\.gradle\8.0.1\fileHashes)" [_thread_blocked, id=4092, stack(0x000000864c200000,0x000000864c300000)]
  0x000001ca7c1d4d00 JavaThread "Cache worker for cache directory md-supplier (C:\Users\User\.gradle\caches\8.0.1\md-supplier)" [_thread_blocked, id=10416, stack(0x000000864c300000,0x000000864c400000)]
  0x000001ca7c1cfd50 JavaThread "Cache worker for execution history cache (C:\Users\User\.gradle\caches\8.0.1\executionHistory)" [_thread_blocked, id=13904, stack(0x000000864c400000,0x000000864c500000)]
  0x000001ca7c1d0d40 JavaThread "jar transforms" [_thread_blocked, id=12040, stack(0x000000864c500000,0x000000864c600000)]
  0x000001ca7c1d1290 JavaThread "jar transforms Thread 2" [_thread_blocked, id=7316, stack(0x000000864c600000,0x000000864c700000)]
  0x000001ca7c1d6790 JavaThread "jar transforms Thread 3" [_thread_blocked, id=9376, stack(0x000000864c700000,0x000000864c800000)]
  0x000001ca7c1d6240 JavaThread "jar transforms Thread 4" [_thread_blocked, id=13044, stack(0x000000864c800000,0x000000864c900000)]
  0x000001ca7c1d37c0 JavaThread "Cache worker for kotlin-dsl (C:\Users\User\.gradle\caches\8.0.1\kotlin-dsl)" [_thread_blocked, id=12640, stack(0x000000864cb00000,0x000000864cc00000)]
  0x000001ca7c1d57a0 JavaThread "Cache worker for dependencies-accessors (D:\Data 1\mobileApps\DoctorApp\android\.gradle\8.0.1\dependencies-accessors)" [_thread_blocked, id=8364, stack(0x000000864cc00000,0x000000864cd00000)]
  0x000001ca7c1d17e0 JavaThread "Cache worker for Build Output Cleanup Cache (D:\Data 1\mobileApps\DoctorApp\node_modules\@react-native\gradle-plugin\.gradle\buildOutputCleanup)" [_thread_blocked, id=12024, stack(0x000000864cd00000,0x000000864ce00000)]
  0x000001ca7c1d3d10 JavaThread "Unconstrained build operations" [_thread_blocked, id=8096, stack(0x000000864ce00000,0x000000864cf00000)]
  0x000001ca7c1d2d20 JavaThread "Unconstrained build operations Thread 2" [_thread_blocked, id=10352, stack(0x000000864cf00000,0x000000864d000000)]
  0x000001ca7c1d2280 JavaThread "Unconstrained build operations Thread 3" [_thread_blocked, id=12856, stack(0x000000864d000000,0x000000864d100000)]
  0x000001ca7c1d6ce0 JavaThread "Unconstrained build operations Thread 4" [_thread_blocked, id=11276, stack(0x000000864d100000,0x000000864d200000)]
  0x000001ca7c1d27d0 JavaThread "Unconstrained build operations Thread 5" [_thread_blocked, id=8100, stack(0x000000864d200000,0x000000864d300000)]
  0x000001ca7c1d3270 JavaThread "Unconstrained build operations Thread 6" [_thread_blocked, id=13072, stack(0x000000864d300000,0x000000864d400000)]
  0x000001ca7c1d5250 JavaThread "Unconstrained build operations Thread 7" [_thread_blocked, id=2932, stack(0x000000864d400000,0x000000864d500000)]
  0x000001ca7c1d5cf0 JavaThread "Unconstrained build operations Thread 8" [_thread_blocked, id=5116, stack(0x000000864d500000,0x000000864d600000)]
  0x000001ca7a97abd0 JavaThread "Unconstrained build operations Thread 9" [_thread_blocked, id=12068, stack(0x000000864d600000,0x000000864d700000)]
  0x000001ca7a978bf0 JavaThread "Unconstrained build operations Thread 10" [_thread_blocked, id=804, stack(0x000000864d700000,0x000000864d800000)]
  0x000001ca7a97bbc0 JavaThread "Unconstrained build operations Thread 11" [_thread_blocked, id=4652, stack(0x000000864d800000,0x000000864d900000)]
  0x000001ca7a979140 JavaThread "Unconstrained build operations Thread 12" [_thread_blocked, id=9784, stack(0x000000864d900000,0x000000864da00000)]
  0x000001ca7a97e0f0 JavaThread "Unconstrained build operations Thread 13" [_thread_blocked, id=14284, stack(0x000000864da00000,0x000000864db00000)]
  0x000001ca7a979690 JavaThread "Unconstrained build operations Thread 14" [_thread_blocked, id=3008, stack(0x000000864db00000,0x000000864dc00000)]
  0x000001ca7a97b670 JavaThread "Unconstrained build operations Thread 15" [_thread_blocked, id=2004, stack(0x000000864dc00000,0x000000864dd00000)]
  0x000001ca7a97eb90 JavaThread "Unconstrained build operations Thread 16" [_thread_blocked, id=12828, stack(0x000000864dd00000,0x000000864de00000)]
  0x000001ca7a97c110 JavaThread "Unconstrained build operations Thread 17" [_thread_blocked, id=4276, stack(0x000000864de00000,0x000000864df00000)]
  0x000001ca7a97c660 JavaThread "Unconstrained build operations Thread 18" [_thread_blocked, id=13932, stack(0x000000864df00000,0x000000864e000000)]
  0x000001ca7a977160 JavaThread "Unconstrained build operations Thread 19" [_thread_blocked, id=8700, stack(0x000000864e000000,0x000000864e100000)]
  0x000001ca7a97dba0 JavaThread "Unconstrained build operations Thread 20" [_thread_blocked, id=1068, stack(0x000000864e100000,0x000000864e200000)]
  0x000001ca7a97cbb0 JavaThread "Unconstrained build operations Thread 21" [_thread_blocked, id=9760, stack(0x000000864e200000,0x000000864e300000)]
  0x000001ca7a97a680 JavaThread "Unconstrained build operations Thread 22" [_thread_blocked, id=6796, stack(0x000000864e300000,0x000000864e400000)]
  0x000001ca7a978150 JavaThread "Unconstrained build operations Thread 23" [_thread_blocked, id=2200, stack(0x000000864e400000,0x000000864e500000)]
  0x000001ca7a97e640 JavaThread "Unconstrained build operations Thread 24" [_thread_blocked, id=12320, stack(0x000000864e500000,0x000000864e600000)]
  0x000001ca7a979be0 JavaThread "Unconstrained build operations Thread 25" [_thread_blocked, id=13056, stack(0x000000864e600000,0x000000864e700000)]
  0x000001ca7a9786a0 JavaThread "Unconstrained build operations Thread 26" [_thread_blocked, id=13796, stack(0x000000864e700000,0x000000864e800000)]
  0x000001ca7a97d100 JavaThread "Memory manager" [_thread_blocked, id=9272, stack(0x000000864e800000,0x000000864e900000)]
  0x000001ca7a97b120 JavaThread "Cache worker for Build Output Cleanup Cache (D:\Data 1\mobileApps\DoctorApp\android\.gradle\buildOutputCleanup)" [_thread_blocked, id=12980, stack(0x0000008649700000,0x0000008649800000)]
  0x000001ca7a97d650 JavaThread "Execution worker" [_thread_blocked, id=7972, stack(0x000000864e900000,0x000000864ea00000)]
  0x000001ca7c011030 JavaThread "Execution worker Thread 2" [_thread_blocked, id=13008, stack(0x000000864ea00000,0x000000864eb00000)]
  0x000001ca7c014aa0 JavaThread "Execution worker Thread 3" [_thread_blocked, id=9124, stack(0x000000864eb00000,0x000000864ec00000)]
  0x000001ca7c00e060 JavaThread "Cache worker for execution history cache (D:\Data 1\mobileApps\DoctorApp\node_modules\@react-native\gradle-plugin\.gradle\8.0.1\executionHistory)" [_thread_blocked, id=648, stack(0x000000864ec00000,0x000000864ed00000)]
  0x000001ca7c013ab0 JavaThread "Unconstrained build operations Thread 27" [_thread_blocked, id=6928, stack(0x000000864ed00000,0x000000864ee00000)]
  0x000001ca7c014000 JavaThread "Unconstrained build operations Thread 28" [_thread_blocked, id=2128, stack(0x000000864ee00000,0x000000864ef00000)]
  0x000001ca7c012020 JavaThread "Unconstrained build operations Thread 29" [_thread_blocked, id=11052, stack(0x000000864ef00000,0x000000864f000000)]
  0x000001ca7c00d070 JavaThread "Unconstrained build operations Thread 30" [_thread_blocked, id=10168, stack(0x000000864f000000,0x000000864f100000)]
  0x000001ca7c013560 JavaThread "Unconstrained build operations Thread 31" [_thread_blocked, id=4268, stack(0x000000864f100000,0x000000864f200000)]
  0x000001ca7c00d5c0 JavaThread "Unconstrained build operations Thread 32" [_thread_blocked, id=10032, stack(0x000000864f200000,0x000000864f300000)]
  0x000001ca7c014550 JavaThread "Unconstrained build operations Thread 33" [_thread_blocked, id=13252, stack(0x000000864f300000,0x000000864f400000)]
  0x000001ca7c00db10 JavaThread "Unconstrained build operations Thread 34" [_thread_blocked, id=13436, stack(0x000000864f400000,0x000000864f500000)]
  0x000001ca7c011580 JavaThread "Unconstrained build operations Thread 35" [_thread_blocked, id=10680, stack(0x000000864f500000,0x000000864f600000)]
  0x000001ca7c012570 JavaThread "Unconstrained build operations Thread 36" [_thread_blocked, id=8992, stack(0x000000864f600000,0x000000864f700000)]
  0x000001ca7c012ac0 JavaThread "Unconstrained build operations Thread 37" [_thread_blocked, id=8564, stack(0x000000864f700000,0x000000864f800000)]
  0x000001ca7c00e5b0 JavaThread "Unconstrained build operations Thread 38" [_thread_blocked, id=5360, stack(0x000000864f800000,0x000000864f900000)]
  0x000001ca7c011ad0 JavaThread "Unconstrained build operations Thread 39" [_thread_blocked, id=4608, stack(0x000000864f900000,0x000000864fa00000)]
  0x000001ca7c00eb00 JavaThread "Unconstrained build operations Thread 40" [_thread_blocked, id=8532, stack(0x000000864fa00000,0x000000864fb00000)]
  0x000001ca04628a10 JavaThread "included builds Thread 2" [_thread_blocked, id=9504, stack(0x0000008649800000,0x0000008649900000)]
  0x000001ca0462df10 JavaThread "Cache worker for execution history cache (D:\Data 1\mobileApps\DoctorApp\android\.gradle\8.0.1\executionHistory)" [_thread_blocked, id=11748, stack(0x000000864c900000,0x000000864ca00000)]

Other Threads:
=>0x000001ca75b8b2f0 VMThread "VM Thread" [stack: 0x0000008649f00000,0x000000864a000000] [id=12796]
  0x000001ca7a0f9b60 WatcherThread "VM Periodic Task Thread" [stack: 0x000000864ab00000,0x000000864ac00000] [id=2376]
  0x000001ca57be0760 WorkerThread "GC Thread#0" [stack: 0x0000008649a00000,0x0000008649b00000] [id=9476]
  0x000001ca7a488b70 WorkerThread "GC Thread#1" [stack: 0x000000864ac00000,0x000000864ad00000] [id=6100]
  0x000001ca7a4f72b0 WorkerThread "GC Thread#2" [stack: 0x000000864ad00000,0x000000864ae00000] [id=10508]
  0x000001ca7ab49c00 WorkerThread "GC Thread#3" [stack: 0x000000864ae00000,0x000000864af00000] [id=13748]
  0x000001ca57bf16c0 ConcurrentGCThread "G1 Main Marker" [stack: 0x0000008649b00000,0x0000008649c00000] [id=14020]
  0x000001ca57bf2290 WorkerThread "G1 Conc#0" [stack: 0x0000008649c00000,0x0000008649d00000] [id=9412]
  0x000001ca57c4d660 ConcurrentGCThread "G1 Refine#0" [stack: 0x0000008649d00000,0x0000008649e00000] [id=12740]
  0x000001ca57c4e340 ConcurrentGCThread "G1 Service" [stack: 0x0000008649e00000,0x0000008649f00000] [id=8544]

Threads with active compile tasks:
C2 CompilerThread0   237413 15647       4       org.gradle.internal.vfs.impl.DefaultFileSystemAccess::readSnapshotFromLocation (27 bytes)

VM state: at safepoint (normal execution)

VM Mutex/Monitor currently owned by a thread:  ([mutex/lock_event])
[0x000001ca57b6a860] Threads_lock - owner thread: 0x000001ca75b8b2f0
[0x000001ca57b6a620] Heap_lock - owner thread: 0x000001ca57bf16c0

Heap address: 0x0000000080000000, size: 2048 MB, Compressed Oops mode: 32-bit

CDS archive(s) mapped at: [0x0000000800000000-0x0000000800c40000-0x0000000800c40000), size 12845056, SharedBaseAddress: 0x0000000800000000, ArchiveRelocationMode: 0.
Compressed class space mapped at: 0x0000000801000000-0x000000081ac00000, reserved size: 432013312
Narrow klass base: 0x0000000800000000, Narrow klass shift: 0, Narrow klass range: 0x100000000

GC Precious Log:
 CardTable entry size: 512
 Card Set container configuration: InlinePtr #cards 5 size 8 Array Of Cards #cards 12 size 40 Howl #buckets 4 coarsen threshold 1843 Howl Bitmap #cards 512 size 80 coarsen threshold 460 Card regions per heap region 1 cards per card region 2048
 CPUs: 4 total, 4 available
 Memory: 7822M
 Large Page Support: Disabled
 NUMA Support: Disabled
 Compressed Oops: Enabled (32-bit)
 Heap Region Size: 1M
 Heap Min Capacity: 8M
 Heap Initial Capacity: 124M
 Heap Max Capacity: 2G
 Pre-touch: Disabled
 Parallel Workers: 4
 Concurrent Workers: 1
 Concurrent Refinement Workers: 4
 Periodic GC: Disabled

Heap:
 garbage-first heap   total 217088K, used 184410K [0x0000000080000000, 0x0000000100000000)
  region size 1024K, 19 young (19456K), 3 survivors (3072K)
 Metaspace       used 101228K, committed 103424K, reserved 552960K
  class space    used 13587K, committed 14720K, reserved 421888K

Heap Regions: E=young(eden), S=young(survivor), O=old, HS=humongous(starts), HC=humongous(continues), CS=collection set, F=free, OA=open archive, CA=closed archive, TAMS=top-at-mark-start (previous, next)
|   0|0x0000000080000000, 0x0000000080100000, 0x0000000080100000|100%| O|  |TAMS 0x0000000080100000, 0x0000000080000000| Untracked 
|   1|0x0000000080100000, 0x0000000080200000, 0x0000000080200000|100%| O|  |TAMS 0x0000000080200000, 0x0000000080100000| Untracked 
|   2|0x0000000080200000, 0x0000000080300000, 0x0000000080300000|100%|HS|  |TAMS 0x0000000080300000, 0x0000000080200000| Complete 
|   3|0x0000000080300000, 0x0000000080400000, 0x0000000080400000|100%|HC|  |TAMS 0x0000000080400000, 0x0000000080300000| Complete 
|   4|0x0000000080400000, 0x0000000080500000, 0x0000000080500000|100%|HC|  |TAMS 0x0000000080500000, 0x0000000080400000| Complete 
|   5|0x0000000080500000, 0x0000000080600000, 0x0000000080600000|100%|HC|  |TAMS 0x0000000080600000, 0x0000000080500000| Complete 
|   6|0x0000000080600000, 0x0000000080700000, 0x0000000080700000|100%| O|  |TAMS 0x0000000080700000, 0x0000000080600000| Untracked 
|   7|0x0000000080700000, 0x0000000080800000, 0x0000000080800000|100%| O|  |TAMS 0x0000000080800000, 0x0000000080700000| Untracked 
|   8|0x0000000080800000, 0x0000000080900000, 0x0000000080900000|100%| O|  |TAMS 0x0000000080900000, 0x0000000080800000| Untracked 
|   9|0x0000000080900000, 0x0000000080a00000, 0x0000000080a00000|100%| O|  |TAMS 0x0000000080a00000, 0x0000000080900000| Untracked 
|  10|0x0000000080a00000, 0x0000000080b00000, 0x0000000080b00000|100%| O|  |TAMS 0x0000000080b00000, 0x0000000080a00000| Untracked 
|  11|0x0000000080b00000, 0x0000000080c00000, 0x0000000080c00000|100%| O|  |TAMS 0x0000000080c00000, 0x0000000080b00000| Untracked 
|  12|0x0000000080c00000, 0x0000000080d00000, 0x0000000080d00000|100%| O|  |TAMS 0x0000000080d00000, 0x0000000080c00000| Untracked 
|  13|0x0000000080d00000, 0x0000000080e00000, 0x0000000080e00000|100%| O|  |TAMS 0x0000000080e00000, 0x0000000080d00000| Untracked 
|  14|0x0000000080e00000, 0x0000000080f00000, 0x0000000080f00000|100%| O|  |TAMS 0x0000000080f00000, 0x0000000080e00000| Untracked 
|  15|0x0000000080f00000, 0x0000000081000000, 0x0000000081000000|100%| O|  |TAMS 0x0000000081000000, 0x0000000080f00000| Untracked 
|  16|0x0000000081000000, 0x0000000081100000, 0x0000000081100000|100%| O|  |TAMS 0x0000000081100000, 0x0000000081000000| Untracked 
|  17|0x0000000081100000, 0x0000000081200000, 0x0000000081200000|100%| O|  |TAMS 0x0000000081200000, 0x0000000081100000| Untracked 
|  18|0x0000000081200000, 0x0000000081300000, 0x0000000081300000|100%| O|  |TAMS 0x0000000081300000, 0x0000000081200000| Untracked 
|  19|0x0000000081300000, 0x0000000081400000, 0x0000000081400000|100%| O|  |TAMS 0x0000000081400000, 0x0000000081300000| Untracked 
|  20|0x0000000081400000, 0x0000000081500000, 0x0000000081500000|100%| O|  |TAMS 0x0000000081500000, 0x0000000081400000| Updating 
|  21|0x0000000081500000, 0x0000000081600000, 0x0000000081600000|100%| O|  |TAMS 0x0000000081600000, 0x0000000081500000| Untracked 
|  22|0x0000000081600000, 0x0000000081700000, 0x0000000081700000|100%| O|  |TAMS 0x0000000081700000, 0x0000000081600000| Untracked 
|  23|0x0000000081700000, 0x0000000081800000, 0x0000000081800000|100%| O|  |TAMS 0x0000000081800000, 0x0000000081700000| Untracked 
|  24|0x0000000081800000, 0x0000000081900000, 0x0000000081900000|100%| O|  |TAMS 0x0000000081900000, 0x0000000081800000| Untracked 
|  25|0x0000000081900000, 0x0000000081a00000, 0x0000000081a00000|100%| O|  |TAMS 0x0000000081a00000, 0x0000000081900000| Untracked 
|  26|0x0000000081a00000, 0x0000000081b00000, 0x0000000081b00000|100%| O|  |TAMS 0x0000000081b00000, 0x0000000081a00000| Updating 
|  27|0x0000000081b00000, 0x0000000081c00000, 0x0000000081c00000|100%| O|  |TAMS 0x0000000081c00000, 0x0000000081b00000| Untracked 
|  28|0x0000000081c00000, 0x0000000081d00000, 0x0000000081d00000|100%| O|  |TAMS 0x0000000081d00000, 0x0000000081c00000| Updating 
|  29|0x0000000081d00000, 0x0000000081e00000, 0x0000000081e00000|100%| O|  |TAMS 0x0000000081e00000, 0x0000000081d00000| Untracked 
|  30|0x0000000081e00000, 0x0000000081f00000, 0x0000000081f00000|100%| O|  |TAMS 0x0000000081f00000, 0x0000000081e00000| Untracked 
|  31|0x0000000081f00000, 0x0000000082000000, 0x0000000082000000|100%| O|  |TAMS 0x0000000082000000, 0x0000000081f00000| Untracked 
|  32|0x0000000082000000, 0x0000000082100000, 0x0000000082100000|100%| O|  |TAMS 0x0000000082100000, 0x0000000082000000| Untracked 
|  33|0x0000000082100000, 0x0000000082200000, 0x0000000082200000|100%| O|  |TAMS 0x0000000082200000, 0x0000000082100000| Untracked 
|  34|0x0000000082200000, 0x0000000082300000, 0x0000000082300000|100%|HS|  |TAMS 0x0000000082300000, 0x0000000082200000| Complete 
|  35|0x0000000082300000, 0x0000000082400000, 0x0000000082400000|100%|HC|  |TAMS 0x0000000082400000, 0x0000000082300000| Complete 
|  36|0x0000000082400000, 0x0000000082500000, 0x0000000082500000|100%| O|  |TAMS 0x0000000082500000, 0x0000000082400000| Updating 
|  37|0x0000000082500000, 0x0000000082600000, 0x0000000082600000|100%|HS|  |TAMS 0x0000000082600000, 0x0000000082500000| Complete 
|  38|0x0000000082600000, 0x0000000082700000, 0x0000000082700000|100%|HC|  |TAMS 0x0000000082700000, 0x0000000082600000| Complete 
|  39|0x0000000082700000, 0x0000000082800000, 0x0000000082800000|100%|HC|  |TAMS 0x0000000082800000, 0x0000000082700000| Complete 
|  40|0x0000000082800000, 0x0000000082900000, 0x0000000082900000|100%|HC|  |TAMS 0x0000000082900000, 0x0000000082800000| Complete 
|  41|0x0000000082900000, 0x0000000082a00000, 0x0000000082a00000|100%| O|  |TAMS 0x0000000082a00000, 0x0000000082900000| Updating 
|  42|0x0000000082a00000, 0x0000000082b00000, 0x0000000082b00000|100%|HS|  |TAMS 0x0000000082b00000, 0x0000000082a00000| Complete 
|  43|0x0000000082b00000, 0x0000000082c00000, 0x0000000082c00000|100%| O|  |TAMS 0x0000000082c00000, 0x0000000082b00000| Untracked 
|  44|0x0000000082c00000, 0x0000000082d00000, 0x0000000082d00000|100%| O|  |TAMS 0x0000000082d00000, 0x0000000082c00000| Updating 
|  45|0x0000000082d00000, 0x0000000082e00000, 0x0000000082e00000|100%| O|  |TAMS 0x0000000082e00000, 0x0000000082d00000| Updating 
|  46|0x0000000082e00000, 0x0000000082f00000, 0x0000000082f00000|100%| O|  |TAMS 0x0000000082f00000, 0x0000000082e00000| Updating 
|  47|0x0000000082f00000, 0x0000000083000000, 0x0000000083000000|100%| O|  |TAMS 0x0000000083000000, 0x0000000082f00000| Untracked 
|  48|0x0000000083000000, 0x0000000083100000, 0x0000000083100000|100%| O|  |TAMS 0x0000000083100000, 0x0000000083000000| Updating 
|  49|0x0000000083100000, 0x0000000083200000, 0x0000000083200000|100%| O|  |TAMS 0x0000000083200000, 0x0000000083100000| Untracked 
|  50|0x0000000083200000, 0x0000000083300000, 0x0000000083300000|100%| O|  |TAMS 0x0000000083300000, 0x0000000083200000| Updating 
|  51|0x0000000083300000, 0x0000000083400000, 0x0000000083400000|100%| O|  |TAMS 0x0000000083400000, 0x0000000083300000| Untracked 
|  52|0x0000000083400000, 0x0000000083500000, 0x0000000083500000|100%| O|  |TAMS 0x0000000083500000, 0x0000000083400000| Untracked 
|  53|0x0000000083500000, 0x0000000083600000, 0x0000000083600000|100%| O|  |TAMS 0x0000000083600000, 0x0000000083500000| Untracked 
|  54|0x0000000083600000, 0x0000000083700000, 0x0000000083700000|100%| O|  |TAMS 0x0000000083700000, 0x0000000083600000| Untracked 
|  55|0x0000000083700000, 0x0000000083800000, 0x0000000083800000|100%|HS|  |TAMS 0x0000000083800000, 0x0000000083700000| Complete 
|  56|0x0000000083800000, 0x0000000083900000, 0x0000000083900000|100%| O|  |TAMS 0x0000000083900000, 0x0000000083800000| Untracked 
|  57|0x0000000083900000, 0x0000000083a00000, 0x0000000083a00000|100%| O|  |TAMS 0x0000000083a00000, 0x0000000083900000| Untracked 
|  58|0x0000000083a00000, 0x0000000083b00000, 0x0000000083b00000|100%| O|  |TAMS 0x0000000083b00000, 0x0000000083a00000| Untracked 
|  59|0x0000000083b00000, 0x0000000083c00000, 0x0000000083c00000|100%| O|  |TAMS 0x0000000083c00000, 0x0000000083b00000| Untracked 
|  60|0x0000000083c00000, 0x0000000083d00000, 0x0000000083d00000|100%| O|  |TAMS 0x0000000083d00000, 0x0000000083c00000| Untracked 
|  61|0x0000000083d00000, 0x0000000083e00000, 0x0000000083e00000|100%| O|  |TAMS 0x0000000083e00000, 0x0000000083d00000| Untracked 
|  62|0x0000000083e00000, 0x0000000083f00000, 0x0000000083f00000|100%| O|  |TAMS 0x0000000083f00000, 0x0000000083e00000| Untracked 
|  63|0x0000000083f00000, 0x0000000084000000, 0x0000000084000000|100%| O|  |TAMS 0x0000000084000000, 0x0000000083f00000| Updating 
|  64|0x0000000084000000, 0x0000000084100000, 0x0000000084100000|100%| O|  |TAMS 0x0000000084100000, 0x0000000084000000| Updating 
|  65|0x0000000084100000, 0x0000000084200000, 0x0000000084200000|100%| O|  |TAMS 0x0000000084200000, 0x0000000084100000| Untracked 
|  66|0x0000000084200000, 0x0000000084300000, 0x0000000084300000|100%| O|  |TAMS 0x0000000084300000, 0x0000000084200000| Untracked 
|  67|0x0000000084300000, 0x0000000084400000, 0x0000000084400000|100%| O|  |TAMS 0x0000000084400000, 0x0000000084300000| Untracked 
|  68|0x0000000084400000, 0x0000000084500000, 0x0000000084500000|100%| O|  |TAMS 0x0000000084500000, 0x0000000084400000| Untracked 
|  69|0x0000000084500000, 0x0000000084600000, 0x0000000084600000|100%| O|  |TAMS 0x0000000084600000, 0x0000000084500000| Untracked 
|  70|0x0000000084600000, 0x0000000084700000, 0x0000000084700000|100%| O|  |TAMS 0x0000000084700000, 0x0000000084600000| Untracked 
|  71|0x0000000084700000, 0x0000000084800000, 0x0000000084800000|100%| O|  |TAMS 0x0000000084800000, 0x0000000084700000| Untracked 
|  72|0x0000000084800000, 0x0000000084900000, 0x0000000084900000|100%| O|  |TAMS 0x0000000084900000, 0x0000000084800000| Untracked 
|  73|0x0000000084900000, 0x0000000084a00000, 0x0000000084a00000|100%| O|  |TAMS 0x0000000084a00000, 0x0000000084900000| Untracked 
|  74|0x0000000084a00000, 0x0000000084b00000, 0x0000000084b00000|100%| O|  |TAMS 0x0000000084b00000, 0x0000000084a00000| Updating 
|  75|0x0000000084b00000, 0x0000000084c00000, 0x0000000084c00000|100%| O|  |TAMS 0x0000000084c00000, 0x0000000084b00000| Updating 
|  76|0x0000000084c00000, 0x0000000084d00000, 0x0000000084d00000|100%| O|  |TAMS 0x0000000084d00000, 0x0000000084c00000| Untracked 
|  77|0x0000000084d00000, 0x0000000084e00000, 0x0000000084e00000|100%| O|  |TAMS 0x0000000084e00000, 0x0000000084d00000| Untracked 
|  78|0x0000000084e00000, 0x0000000084f00000, 0x0000000084f00000|100%| O|  |TAMS 0x0000000084f00000, 0x0000000084e00000| Untracked 
|  79|0x0000000084f00000, 0x0000000085000000, 0x0000000085000000|100%| O|  |TAMS 0x0000000085000000, 0x0000000084f00000| Untracked 
|  80|0x0000000085000000, 0x0000000085100000, 0x0000000085100000|100%| O|  |TAMS 0x0000000085100000, 0x0000000085000000| Updating 
|  81|0x0000000085100000, 0x0000000085200000, 0x0000000085200000|100%| O|  |TAMS 0x0000000085200000, 0x0000000085100000| Updating 
|  82|0x0000000085200000, 0x0000000085300000, 0x0000000085300000|100%|HS|  |TAMS 0x0000000085300000, 0x0000000085200000| Complete 
|  83|0x0000000085300000, 0x0000000085400000, 0x0000000085400000|100%|HS|  |TAMS 0x0000000085400000, 0x0000000085300000| Complete 
|  84|0x0000000085400000, 0x0000000085500000, 0x0000000085500000|100%|HS|  |TAMS 0x0000000085500000, 0x0000000085400000| Complete 
|  85|0x0000000085500000, 0x0000000085600000, 0x0000000085600000|100%|HS|  |TAMS 0x0000000085600000, 0x0000000085500000| Complete 
|  86|0x0000000085600000, 0x0000000085700000, 0x0000000085700000|100%|HC|  |TAMS 0x0000000085700000, 0x0000000085600000| Complete 
|  87|0x0000000085700000, 0x0000000085800000, 0x0000000085800000|100%|HC|  |TAMS 0x0000000085800000, 0x0000000085700000| Complete 
|  88|0x0000000085800000, 0x0000000085900000, 0x0000000085900000|100%| O|  |TAMS 0x0000000085900000, 0x0000000085800000| Untracked 
|  89|0x0000000085900000, 0x0000000085a00000, 0x0000000085a00000|100%|HS|  |TAMS 0x0000000085a00000, 0x0000000085900000| Complete 
|  90|0x0000000085a00000, 0x0000000085b00000, 0x0000000085b00000|100%|HC|  |TAMS 0x0000000085b00000, 0x0000000085a00000| Complete 
|  91|0x0000000085b00000, 0x0000000085c00000, 0x0000000085c00000|100%|HS|  |TAMS 0x0000000085c00000, 0x0000000085b00000| Complete 
|  92|0x0000000085c00000, 0x0000000085d00000, 0x0000000085d00000|100%|HS|  |TAMS 0x0000000085d00000, 0x0000000085c00000| Complete 
|  93|0x0000000085d00000, 0x0000000085e00000, 0x0000000085e00000|100%|HS|  |TAMS 0x0000000085e00000, 0x0000000085d00000| Complete 
|  94|0x0000000085e00000, 0x0000000085f00000, 0x0000000085f00000|100%|HC|  |TAMS 0x0000000085f00000, 0x0000000085e00000| Complete 
|  95|0x0000000085f00000, 0x0000000086000000, 0x0000000086000000|100%|HC|  |TAMS 0x0000000086000000, 0x0000000085f00000| Complete 
|  96|0x0000000086000000, 0x0000000086100000, 0x0000000086100000|100%| O|  |TAMS 0x0000000086100000, 0x0000000086000000| Untracked 
|  97|0x0000000086100000, 0x0000000086200000, 0x0000000086200000|100%| O|  |TAMS 0x0000000086200000, 0x0000000086100000| Untracked 
|  98|0x0000000086200000, 0x0000000086300000, 0x0000000086300000|100%| O|  |TAMS 0x0000000086300000, 0x0000000086200000| Untracked 
|  99|0x0000000086300000, 0x0000000086400000, 0x0000000086400000|100%| O|  |TAMS 0x0000000086400000, 0x0000000086300000| Untracked 
| 100|0x0000000086400000, 0x0000000086500000, 0x0000000086500000|100%| O|  |TAMS 0x0000000086500000, 0x0000000086400000| Updating 
| 101|0x0000000086500000, 0x0000000086600000, 0x0000000086600000|100%| O|  |TAMS 0x0000000086600000, 0x0000000086500000| Updating 
| 102|0x0000000086600000, 0x0000000086700000, 0x0000000086700000|100%| O|  |TAMS 0x0000000086700000, 0x0000000086600000| Updating 
| 103|0x0000000086700000, 0x0000000086800000, 0x0000000086800000|100%| O|  |TAMS 0x0000000086800000, 0x0000000086700000| Updating 
| 104|0x0000000086800000, 0x0000000086900000, 0x0000000086900000|100%| O|  |TAMS 0x0000000086900000, 0x0000000086800000| Updating 
| 105|0x0000000086900000, 0x0000000086a00000, 0x0000000086a00000|100%| O|  |TAMS 0x0000000086a00000, 0x0000000086900000| Updating 
| 106|0x0000000086a00000, 0x0000000086b00000, 0x0000000086b00000|100%| O|  |TAMS 0x0000000086b00000, 0x0000000086a00000| Untracked 
| 107|0x0000000086b00000, 0x0000000086c00000, 0x0000000086c00000|100%| O|  |TAMS 0x0000000086c00000, 0x0000000086b00000| Untracked 
| 108|0x0000000086c00000, 0x0000000086d00000, 0x0000000086d00000|100%| O|  |TAMS 0x0000000086d00000, 0x0000000086c00000| Untracked 
| 109|0x0000000086d00000, 0x0000000086e00000, 0x0000000086e00000|100%| O|  |TAMS 0x0000000086e00000, 0x0000000086d00000| Untracked 
| 110|0x0000000086e00000, 0x0000000086f00000, 0x0000000086f00000|100%| O|  |TAMS 0x0000000086f00000, 0x0000000086e00000| Untracked 
| 111|0x0000000086f00000, 0x0000000087000000, 0x0000000087000000|100%| O|  |TAMS 0x0000000087000000, 0x0000000086f00000| Untracked 
| 112|0x0000000087000000, 0x0000000087100000, 0x0000000087100000|100%| O|  |TAMS 0x0000000087100000, 0x0000000087000000| Untracked 
| 113|0x0000000087100000, 0x0000000087200000, 0x0000000087200000|100%| O|  |TAMS 0x0000000087200000, 0x0000000087100000| Untracked 
| 114|0x0000000087200000, 0x0000000087300000, 0x0000000087300000|100%| O|  |TAMS 0x0000000087300000, 0x0000000087200000| Untracked 
| 115|0x0000000087300000, 0x0000000087400000, 0x0000000087400000|100%| O|  |TAMS 0x0000000087400000, 0x0000000087300000| Updating 
| 116|0x0000000087400000, 0x0000000087500000, 0x0000000087500000|100%| O|  |TAMS 0x0000000087500000, 0x0000000087400000| Updating 
| 117|0x0000000087500000, 0x0000000087600000, 0x0000000087600000|100%| O|  |TAMS 0x0000000087600000, 0x0000000087500000| Untracked 
| 118|0x0000000087600000, 0x0000000087700000, 0x0000000087700000|100%| O|  |TAMS 0x0000000087700000, 0x0000000087600000| Updating 
| 119|0x0000000087700000, 0x0000000087800000, 0x0000000087800000|100%| O|  |TAMS 0x0000000087800000, 0x0000000087700000| Untracked 
| 120|0x0000000087800000, 0x0000000087900000, 0x0000000087900000|100%| O|  |TAMS 0x0000000087900000, 0x0000000087800000| Untracked 
| 121|0x0000000087900000, 0x0000000087a00000, 0x0000000087a00000|100%| O|  |TAMS 0x0000000087a00000, 0x0000000087900000| Untracked 
| 122|0x0000000087a00000, 0x0000000087b00000, 0x0000000087b00000|100%| O|  |TAMS 0x0000000087b00000, 0x0000000087a00000| Updating 
| 123|0x0000000087b00000, 0x0000000087c00000, 0x0000000087c00000|100%| O|  |TAMS 0x0000000087c00000, 0x0000000087b00000| Updating 
| 124|0x0000000087c00000, 0x0000000087d00000, 0x0000000087d00000|100%| O|  |TAMS 0x0000000087d00000, 0x0000000087c00000| Updating 
| 125|0x0000000087d00000, 0x0000000087e00000, 0x0000000087e00000|100%| O|  |TAMS 0x0000000087e00000, 0x0000000087d00000| Untracked 
| 126|0x0000000087e00000, 0x0000000087f00000, 0x0000000087f00000|100%| O|  |TAMS 0x0000000087f00000, 0x0000000087e00000| Untracked 
| 127|0x0000000087f00000, 0x0000000088000000, 0x0000000088000000|100%| O|  |TAMS 0x0000000088000000, 0x0000000087f00000| Updating 
| 128|0x0000000088000000, 0x0000000088100000, 0x0000000088100000|100%| O|  |TAMS 0x0000000088100000, 0x0000000088000000| Untracked 
| 129|0x0000000088100000, 0x0000000088200000, 0x0000000088200000|100%| O|  |TAMS 0x0000000088200000, 0x0000000088100000| Untracked 
| 130|0x0000000088200000, 0x0000000088300000, 0x0000000088300000|100%| O|  |TAMS 0x0000000088300000, 0x0000000088200000| Updating 
| 131|0x0000000088300000, 0x0000000088400000, 0x0000000088400000|100%| O|  |TAMS 0x0000000088400000, 0x0000000088300000| Untracked 
| 132|0x0000000088400000, 0x0000000088500000, 0x0000000088500000|100%| O|  |TAMS 0x0000000088500000, 0x0000000088400000| Untracked 
| 133|0x0000000088500000, 0x0000000088600000, 0x0000000088600000|100%| O|  |TAMS 0x0000000088600000, 0x0000000088500000| Untracked 
| 134|0x0000000088600000, 0x0000000088700000, 0x0000000088700000|100%| O|  |TAMS 0x0000000088700000, 0x0000000088600000| Updating 
| 135|0x0000000088700000, 0x0000000088800000, 0x0000000088800000|100%| O|  |TAMS 0x0000000088800000, 0x0000000088700000| Untracked 
| 136|0x0000000088800000, 0x0000000088900000, 0x0000000088900000|100%| O|  |TAMS 0x0000000088900000, 0x0000000088800000| Updating 
| 137|0x0000000088900000, 0x0000000088a00000, 0x0000000088a00000|100%| O|  |TAMS 0x0000000088a00000, 0x0000000088900000| Untracked 
| 138|0x0000000088a00000, 0x0000000088b00000, 0x0000000088b00000|100%| O|  |TAMS 0x0000000088b00000, 0x0000000088a00000| Untracked 
| 139|0x0000000088b00000, 0x0000000088c00000, 0x0000000088c00000|100%| O|  |TAMS 0x0000000088c00000, 0x0000000088b00000| Updating 
| 140|0x0000000088c00000, 0x0000000088d00000, 0x0000000088d00000|100%| O|  |TAMS 0x0000000088d00000, 0x0000000088c00000| Updating 
| 141|0x0000000088d00000, 0x0000000088e00000, 0x0000000088e00000|100%| O|  |TAMS 0x0000000088e00000, 0x0000000088d00000| Updating 
| 142|0x0000000088e00000, 0x0000000088f00000, 0x0000000088f00000|100%| O|  |TAMS 0x0000000088f00000, 0x0000000088e00000| Untracked 
| 143|0x0000000088f00000, 0x0000000089000000, 0x0000000089000000|100%| O|  |TAMS 0x0000000089000000, 0x0000000088f00000| Updating 
| 144|0x0000000089000000, 0x0000000089100000, 0x0000000089100000|100%| O|  |TAMS 0x0000000089100000, 0x0000000089000000| Untracked 
| 145|0x0000000089100000, 0x0000000089200000, 0x0000000089200000|100%| O|  |TAMS 0x0000000089200000, 0x0000000089100000| Untracked 
| 146|0x0000000089200000, 0x0000000089300000, 0x0000000089300000|100%| O|  |TAMS 0x0000000089300000, 0x0000000089200000| Updating 
| 147|0x0000000089300000, 0x0000000089400000, 0x0000000089400000|100%| O|  |TAMS 0x0000000089300000, 0x0000000089300000| Untracked 
| 148|0x0000000089400000, 0x00000000894f6200, 0x0000000089500000| 96%| O|  |TAMS 0x0000000089400000, 0x0000000089400000| Untracked 
| 149|0x0000000089500000, 0x0000000089600000, 0x0000000089600000|100%| O|  |TAMS 0x0000000089600000, 0x0000000089500000| Updating 
| 150|0x0000000089600000, 0x0000000089700000, 0x0000000089700000|100%| O|  |TAMS 0x0000000089639800, 0x0000000089600000| Updating 
| 151|0x0000000089700000, 0x0000000089800000, 0x0000000089800000|100%| O|  |TAMS 0x0000000089800000, 0x0000000089700000| Updating 
| 152|0x0000000089800000, 0x0000000089900000, 0x0000000089900000|100%| O|  |TAMS 0x0000000089900000, 0x0000000089800000| Updating 
| 153|0x0000000089900000, 0x0000000089a00000, 0x0000000089a00000|100%| O|  |TAMS 0x0000000089a00000, 0x0000000089900000| Untracked 
| 154|0x0000000089a00000, 0x0000000089b00000, 0x0000000089b00000|100%| O|  |TAMS 0x0000000089b00000, 0x0000000089a00000| Untracked 
| 155|0x0000000089b00000, 0x0000000089c00000, 0x0000000089c00000|100%| O|  |TAMS 0x0000000089c00000, 0x0000000089b00000| Updating 
| 156|0x0000000089c00000, 0x0000000089d00000, 0x0000000089d00000|100%| O|  |TAMS 0x0000000089d00000, 0x0000000089c00000| Updating 
| 157|0x0000000089d00000, 0x0000000089e00000, 0x0000000089e00000|100%| O|  |TAMS 0x0000000089e00000, 0x0000000089d00000| Updating 
| 158|0x0000000089e00000, 0x0000000089f00000, 0x0000000089f00000|100%|HS|  |TAMS 0x0000000089e00000, 0x0000000089e00000| Complete 
| 159|0x0000000089f00000, 0x000000008a000000, 0x000000008a000000|100%|HC|  |TAMS 0x0000000089f00000, 0x0000000089f00000| Complete 
| 160|0x000000008a000000, 0x000000008a100000, 0x000000008a100000|100%| O|  |TAMS 0x000000008a100000, 0x000000008a000000| Updating 
| 161|0x000000008a100000, 0x000000008a200000, 0x000000008a200000|100%| O|  |TAMS 0x000000008a200000, 0x000000008a100000| Updating 
| 162|0x000000008a200000, 0x000000008a300000, 0x000000008a300000|100%|HS|  |TAMS 0x000000008a200000, 0x000000008a200000| Complete 
| 163|0x000000008a300000, 0x000000008a400000, 0x000000008a400000|100%|HC|  |TAMS 0x000000008a300000, 0x000000008a300000| Complete 
| 164|0x000000008a400000, 0x000000008a400000, 0x000000008a500000|  0%| F|  |TAMS 0x000000008a400000, 0x000000008a400000| Untracked 
| 165|0x000000008a500000, 0x000000008a500000, 0x000000008a600000|  0%| F|  |TAMS 0x000000008a500000, 0x000000008a500000| Untracked 
| 166|0x000000008a600000, 0x000000008a600000, 0x000000008a700000|  0%| F|  |TAMS 0x000000008a600000, 0x000000008a600000| Untracked 
| 167|0x000000008a700000, 0x000000008a700000, 0x000000008a800000|  0%| F|  |TAMS 0x000000008a700000, 0x000000008a700000| Untracked 
| 168|0x000000008a800000, 0x000000008a800000, 0x000000008a900000|  0%| F|  |TAMS 0x000000008a800000, 0x000000008a800000| Untracked 
| 169|0x000000008a900000, 0x000000008a900000, 0x000000008aa00000|  0%| F|  |TAMS 0x000000008a900000, 0x000000008a900000| Untracked 
| 170|0x000000008aa00000, 0x000000008aa00000, 0x000000008ab00000|  0%| F|  |TAMS 0x000000008aa00000, 0x000000008aa00000| Untracked 
| 171|0x000000008ab00000, 0x000000008ab00000, 0x000000008ac00000|  0%| F|  |TAMS 0x000000008ab00000, 0x000000008ab00000| Untracked 
| 172|0x000000008ac00000, 0x000000008ac00000, 0x000000008ad00000|  0%| F|  |TAMS 0x000000008ac00000, 0x000000008ac00000| Untracked 
| 173|0x000000008ad00000, 0x000000008ad00000, 0x000000008ae00000|  0%| F|  |TAMS 0x000000008ad00000, 0x000000008ad00000| Untracked 
| 174|0x000000008ae00000, 0x000000008ae00000, 0x000000008af00000|  0%| F|  |TAMS 0x000000008ae00000, 0x000000008ae00000| Untracked 
| 175|0x000000008af00000, 0x000000008af00000, 0x000000008b000000|  0%| F|  |TAMS 0x000000008af00000, 0x000000008af00000| Untracked 
| 176|0x000000008b000000, 0x000000008b000000, 0x000000008b100000|  0%| F|  |TAMS 0x000000008b000000, 0x000000008b000000| Untracked 
| 177|0x000000008b100000, 0x000000008b100000, 0x000000008b200000|  0%| F|  |TAMS 0x000000008b100000, 0x000000008b100000| Untracked 
| 178|0x000000008b200000, 0x000000008b200000, 0x000000008b300000|  0%| F|  |TAMS 0x000000008b200000, 0x000000008b200000| Untracked 
| 179|0x000000008b300000, 0x000000008b300000, 0x000000008b400000|  0%| F|  |TAMS 0x000000008b300000, 0x000000008b300000| Untracked 
| 180|0x000000008b400000, 0x000000008b400000, 0x000000008b500000|  0%| F|  |TAMS 0x000000008b400000, 0x000000008b400000| Untracked 
| 181|0x000000008b500000, 0x000000008b500000, 0x000000008b600000|  0%| F|  |TAMS 0x000000008b500000, 0x000000008b500000| Untracked 
| 182|0x000000008b600000, 0x000000008b600000, 0x000000008b700000|  0%| F|  |TAMS 0x000000008b600000, 0x000000008b600000| Untracked 
| 183|0x000000008b700000, 0x000000008b700000, 0x000000008b800000|  0%| F|  |TAMS 0x000000008b700000, 0x000000008b700000| Untracked 
| 184|0x000000008b800000, 0x000000008b800000, 0x000000008b900000|  0%| F|  |TAMS 0x000000008b800000, 0x000000008b800000| Untracked 
| 185|0x000000008b900000, 0x000000008b900000, 0x000000008ba00000|  0%| F|  |TAMS 0x000000008b900000, 0x000000008b900000| Untracked 
| 186|0x000000008ba00000, 0x000000008ba00000, 0x000000008bb00000|  0%| F|  |TAMS 0x000000008ba00000, 0x000000008ba00000| Untracked 
| 187|0x000000008bb00000, 0x000000008bb00000, 0x000000008bc00000|  0%| F|  |TAMS 0x000000008bb00000, 0x000000008bb00000| Untracked 
| 188|0x000000008bc00000, 0x000000008bc00000, 0x000000008bd00000|  0%| F|  |TAMS 0x000000008bc00000, 0x000000008bc00000| Untracked 
| 189|0x000000008bd00000, 0x000000008bd00000, 0x000000008be00000|  0%| F|  |TAMS 0x000000008bd00000, 0x000000008bd00000| Untracked 
| 190|0x000000008be00000, 0x000000008be00000, 0x000000008bf00000|  0%| F|  |TAMS 0x000000008be00000, 0x000000008be00000| Untracked 
| 191|0x000000008bf00000, 0x000000008bf00000, 0x000000008c000000|  0%| F|  |TAMS 0x000000008bf00000, 0x000000008bf00000| Untracked 
| 192|0x000000008c000000, 0x000000008c000000, 0x000000008c100000|  0%| F|  |TAMS 0x000000008c000000, 0x000000008c000000| Untracked 
| 193|0x000000008c100000, 0x000000008c132650, 0x000000008c200000| 19%| E|  |TAMS 0x000000008c100000, 0x000000008c100000| Complete 
| 194|0x000000008c200000, 0x000000008c300000, 0x000000008c300000|100%| E|  |TAMS 0x000000008c200000, 0x000000008c200000| Complete 
| 195|0x000000008c300000, 0x000000008c400000, 0x000000008c400000|100%| E|CS|TAMS 0x000000008c300000, 0x000000008c300000| Complete 
| 196|0x000000008c400000, 0x000000008c4206a0, 0x000000008c500000| 12%| S|CS|TAMS 0x000000008c400000, 0x000000008c400000| Complete 
| 197|0x000000008c500000, 0x000000008c600000, 0x000000008c600000|100%| S|CS|TAMS 0x000000008c500000, 0x000000008c500000| Complete 
| 198|0x000000008c600000, 0x000000008c700000, 0x000000008c700000|100%| S|CS|TAMS 0x000000008c600000, 0x000000008c600000| Complete 
| 199|0x000000008c700000, 0x000000008c800000, 0x000000008c800000|100%| E|CS|TAMS 0x000000008c700000, 0x000000008c700000| Complete 
| 200|0x000000008c800000, 0x000000008c900000, 0x000000008c900000|100%| E|CS|TAMS 0x000000008c800000, 0x000000008c800000| Complete 
| 201|0x000000008c900000, 0x000000008ca00000, 0x000000008ca00000|100%| E|CS|TAMS 0x000000008c900000, 0x000000008c900000| Complete 
| 202|0x000000008ca00000, 0x000000008cb00000, 0x000000008cb00000|100%| E|CS|TAMS 0x000000008ca00000, 0x000000008ca00000| Complete 
| 203|0x000000008cb00000, 0x000000008cc00000, 0x000000008cc00000|100%| E|CS|TAMS 0x000000008cb00000, 0x000000008cb00000| Complete 
| 204|0x000000008cc00000, 0x000000008cd00000, 0x000000008cd00000|100%| E|CS|TAMS 0x000000008cc00000, 0x000000008cc00000| Complete 
| 205|0x000000008cd00000, 0x000000008ce00000, 0x000000008ce00000|100%| E|CS|TAMS 0x000000008cd00000, 0x000000008cd00000| Complete 
| 206|0x000000008ce00000, 0x000000008cf00000, 0x000000008cf00000|100%| E|CS|TAMS 0x000000008ce00000, 0x000000008ce00000| Complete 
| 207|0x000000008cf00000, 0x000000008d000000, 0x000000008d000000|100%| E|CS|TAMS 0x000000008cf00000, 0x000000008cf00000| Complete 
| 208|0x000000008d000000, 0x000000008d100000, 0x000000008d100000|100%| E|CS|TAMS 0x000000008d000000, 0x000000008d000000| Complete 
| 209|0x000000008d100000, 0x000000008d200000, 0x000000008d200000|100%| E|CS|TAMS 0x000000008d100000, 0x000000008d100000| Complete 
| 210|0x000000008d200000, 0x000000008d300000, 0x000000008d300000|100%| E|CS|TAMS 0x000000008d200000, 0x000000008d200000| Complete 
| 211|0x000000008d300000, 0x000000008d400000, 0x000000008d400000|100%| E|CS|TAMS 0x000000008d300000, 0x000000008d300000| Complete 

Card table byte_map: [0x000001ca6eef0000,0x000001ca6f2f0000] _byte_map_base: 0x000001ca6eaf0000

Marking Bits (Prev, Next): (CMBitMap*) 0x000001ca57be0dd0, (CMBitMap*) 0x000001ca57be0d90
 Prev Bits: [0x000001ca716f0000, 0x000001ca736f0000)
 Next Bits: [0x000001ca6f6f0000, 0x000001ca716f0000)

Polling page: 0x000001ca55b40000

Metaspace:

Usage:
  Non-class:     85.59 MB used.
      Class:     13.27 MB used.
       Both:     98.86 MB used.

Virtual space:
  Non-class space:      128.00 MB reserved,      86.62 MB ( 68%) committed,  2 nodes.
      Class space:      412.00 MB reserved,      14.38 MB (  3%) committed,  1 nodes.
             Both:      540.00 MB reserved,     101.00 MB ( 19%) committed. 

Chunk freelists:
   Non-Class:  1.17 MB
       Class:  1.53 MB
        Both:  2.70 MB

MaxMetaspaceSize: 512.00 MB
CompressedClassSpaceSize: 412.00 MB
Initial GC threshold: 21.00 MB
Current GC threshold: 151.50 MB
CDS: on
MetaspaceReclaimPolicy: balanced
 - commit_granule_bytes: 65536.
 - commit_granule_words: 8192.
 - virtual_space_node_default_size: 8388608.
 - enlarge_chunks_in_place: 1.
 - new_chunks_are_fully_committed: 0.
 - uncommit_free_chunks: 1.
 - use_allocation_guard: 0.


Internal statistics:

num_allocs_failed_limit: 6.
num_arena_births: 3868.
num_arena_deaths: 0.
num_vsnodes_births: 3.
num_vsnodes_deaths: 0.
num_space_committed: 1616.
num_space_uncommitted: 0.
num_chunks_returned_to_freelist: 6.
num_chunks_taken_from_freelist: 8567.
num_chunk_merges: 6.
num_chunk_splits: 5622.
num_chunks_enlarged: 3544.
num_inconsistent_stats: 0.

CodeHeap 'non-profiled nmethods': size=120000Kb used=8306Kb max_used=8306Kb free=111693Kb
 bounds [0x000001ca675c0000, 0x000001ca67de0000, 0x000001ca6eaf0000]
CodeHeap 'profiled nmethods': size=120000Kb used=25633Kb max_used=25633Kb free=94367Kb
 bounds [0x000001ca5faf0000, 0x000001ca61400000, 0x000001ca67020000]
CodeHeap 'non-nmethods': size=5760Kb used=2499Kb max_used=2559Kb free=3260Kb
 bounds [0x000001ca67020000, 0x000001ca672c0000, 0x000001ca675c0000]
 total_blobs=14232 nmethods=13278 adapters=863
 compilation: enabled
              stopped_count=0, restarted_count=0
 full_count=0

Compilation events (20 events):
Event: 237.090 Thread 0x000001ca75bcc6e0 15643       3       org.gradle.internal.fingerprint.impl.NameOnlyFingerprintingStrategy::getHashingStrategy (4 bytes)
Event: 237.091 Thread 0x000001ca75bcc6e0 nmethod 15643 0x000001ca613fa490 code [0x000001ca613fa620, 0x000001ca613fa738]
Event: 237.107 Thread 0x000001ca75bafeb0 nmethod 15630 0x000001ca67dd4510 code [0x000001ca67dd47e0, 0x000001ca67dd6080]
Event: 237.107 Thread 0x000001ca75bafeb0 15639       4       jdk.internal.reflect.UTF8::utf8Length (81 bytes)
Event: 237.111 Thread 0x000001ca75bafeb0 nmethod 15639 0x000001ca67dd7b10 code [0x000001ca67dd7ca0, 0x000001ca67dd7e48]
Event: 237.111 Thread 0x000001ca75bafeb0 15635       4       org.gradle.internal.operations.CurrentBuildOperationRef::get (11 bytes)
Event: 237.115 Thread 0x000001ca75bafeb0 nmethod 15635 0x000001ca67dd8010 code [0x000001ca67dd81c0, 0x000001ca67dd83b8]
Event: 237.115 Thread 0x000001ca75bafeb0 15642       4       java.util.stream.ReferencePipeline$4::opWrapSink (10 bytes)
Event: 237.119 Thread 0x000001ca75bafeb0 nmethod 15642 0x000001ca67dd8610 code [0x000001ca67dd87a0, 0x000001ca67dd8978]
Event: 237.119 Thread 0x000001ca75bafeb0 15631       4       java.util.stream.ReferencePipeline::filter (22 bytes)
Event: 237.127 Thread 0x000001ca75bafeb0 nmethod 15631 0x000001ca67dd8a90 code [0x000001ca67dd8c20, 0x000001ca67dd8ff8]
Event: 237.197 Thread 0x000001ca75bafeb0 15644       4       java.util.concurrent.locks.LockSupport::setCurrentBlocker (14 bytes)
Event: 237.199 Thread 0x000001ca75bafeb0 nmethod 15644 0x000001ca67dd9190 code [0x000001ca67dd9300, 0x000001ca67dd9418]
Event: 237.204 Thread 0x000001ca75bafeb0 15645   !   4       org.gradle.internal.execution.impl.DefaultInputFingerprinter$InputCollectingVisitor::visitInputProperty (115 bytes)
Event: 237.279 Thread 0x000001ca75bafeb0 nmethod 15645 0x000001ca67dd9490 code [0x000001ca67dd9760, 0x000001ca67ddad30]
Event: 237.279 Thread 0x000001ca75bafeb0 15646       4       org.gradle.internal.snapshot.PathUtil::lastIndexOfSeparator (34 bytes)
Event: 237.284 Thread 0x000001ca75bafeb0 nmethod 15646 0x000001ca67ddbf10 code [0x000001ca67ddc0a0, 0x000001ca67ddc228]
Event: 237.284 Thread 0x000001ca75bafeb0 15648       4       org.gradle.internal.resources.DefaultResourceLockCoordinationService::startOperation (49 bytes)
Event: 237.287 Thread 0x000001ca75bafeb0 nmethod 15648 0x000001ca67ddc490 code [0x000001ca67ddc620, 0x000001ca67ddc878]
Event: 237.287 Thread 0x000001ca75bafeb0 15647       4       org.gradle.internal.vfs.impl.DefaultFileSystemAccess::readSnapshotFromLocation (27 bytes)

GC Heap History (20 events):
Event: 210.535 GC heap before
{Heap before GC invocations=41 (full 0):
 garbage-first heap   total 217088K, used 178717K [0x0000000080000000, 0x0000000100000000)
  region size 1024K, 44 young (45056K), 6 survivors (6144K)
 Metaspace       used 100107K, committed 102272K, reserved 552960K
  class space    used 13490K, committed 14656K, reserved 421888K
}
Event: 210.568 GC heap after
{Heap after GC invocations=42 (full 0):
 garbage-first heap   total 217088K, used 146048K [0x0000000080000000, 0x0000000100000000)
  region size 1024K, 6 young (6144K), 6 survivors (6144K)
 Metaspace       used 100107K, committed 102272K, reserved 552960K
  class space    used 13490K, committed 14656K, reserved 421888K
}
Event: 227.028 GC heap before
{Heap before GC invocations=42 (full 0):
 garbage-first heap   total 217088K, used 178816K [0x0000000080000000, 0x0000000100000000)
  region size 1024K, 39 young (39936K), 6 survivors (6144K)
 Metaspace       used 100749K, committed 102976K, reserved 552960K
  class space    used 13563K, committed 14720K, reserved 421888K
}
Event: 227.050 GC heap after
{Heap after GC invocations=43 (full 0):
 garbage-first heap   total 217088K, used 148602K [0x0000000080000000, 0x0000000100000000)
  region size 1024K, 4 young (4096K), 4 survivors (4096K)
 Metaspace       used 100749K, committed 102976K, reserved 552960K
  class space    used 13563K, committed 14720K, reserved 421888K
}
Event: 228.928 GC heap before
{Heap before GC invocations=43 (full 0):
 garbage-first heap   total 217088K, used 180346K [0x0000000080000000, 0x0000000100000000)
  region size 1024K, 36 young (36864K), 4 survivors (4096K)
 Metaspace       used 100835K, committed 103040K, reserved 552960K
  class space    used 13563K, committed 14720K, reserved 421888K
}
Event: 228.940 GC heap after
{Heap after GC invocations=44 (full 0):
 garbage-first heap   total 217088K, used 152258K [0x0000000080000000, 0x0000000100000000)
  region size 1024K, 5 young (5120K), 5 survivors (5120K)
 Metaspace       used 100835K, committed 103040K, reserved 552960K
  class space    used 13563K, committed 14720K, reserved 421888K
}
Event: 231.105 GC heap before
{Heap before GC invocations=44 (full 0):
 garbage-first heap   total 217088K, used 181954K [0x0000000080000000, 0x0000000100000000)
  region size 1024K, 34 young (34816K), 5 survivors (5120K)
 Metaspace       used 100836K, committed 103040K, reserved 552960K
  class space    used 13563K, committed 14720K, reserved 421888K
}
Event: 231.114 GC heap after
{Heap after GC invocations=45 (full 0):
 garbage-first heap   total 217088K, used 153740K [0x0000000080000000, 0x0000000100000000)
  region size 1024K, 4 young (4096K), 4 survivors (4096K)
 Metaspace       used 100836K, committed 103040K, reserved 552960K
  class space    used 13563K, committed 14720K, reserved 421888K
}
Event: 232.521 GC heap before
{Heap before GC invocations=45 (full 0):
 garbage-first heap   total 217088K, used 185484K [0x0000000080000000, 0x0000000100000000)
  region size 1024K, 32 young (32768K), 4 survivors (4096K)
 Metaspace       used 100841K, committed 103040K, reserved 552960K
  class space    used 13563K, committed 14720K, reserved 421888K
}
Event: 232.529 GC heap after
{Heap after GC invocations=46 (full 0):
 garbage-first heap   total 217088K, used 155405K [0x0000000080000000, 0x0000000100000000)
  region size 1024K, 4 young (4096K), 4 survivors (4096K)
 Metaspace       used 100841K, committed 103040K, reserved 552960K
  class space    used 13563K, committed 14720K, reserved 421888K
}
Event: 234.028 GC heap before
{Heap before GC invocations=46 (full 0):
 garbage-first heap   total 217088K, used 186125K [0x0000000080000000, 0x0000000100000000)
  region size 1024K, 31 young (31744K), 4 survivors (4096K)
 Metaspace       used 101042K, committed 103232K, reserved 552960K
  class space    used 13574K, committed 14720K, reserved 421888K
}
Event: 234.043 GC heap after
{Heap after GC invocations=47 (full 0):
 garbage-first heap   total 217088K, used 157894K [0x0000000080000000, 0x0000000100000000)
  region size 1024K, 4 young (4096K), 4 survivors (4096K)
 Metaspace       used 101042K, committed 103232K, reserved 552960K
  class space    used 13574K, committed 14720K, reserved 421888K
}
Event: 235.051 GC heap before
{Heap before GC invocations=47 (full 0):
 garbage-first heap   total 217088K, used 186566K [0x0000000080000000, 0x0000000100000000)
  region size 1024K, 29 young (29696K), 4 survivors (4096K)
 Metaspace       used 101084K, committed 103296K, reserved 552960K
  class space    used 13575K, committed 14720K, reserved 421888K
}
Event: 235.065 GC heap after
{Heap after GC invocations=48 (full 0):
 garbage-first heap   total 217088K, used 159607K [0x0000000080000000, 0x0000000100000000)
  region size 1024K, 3 young (3072K), 3 survivors (3072K)
 Metaspace       used 101084K, committed 103296K, reserved 552960K
  class space    used 13575K, committed 14720K, reserved 421888K
}
Event: 235.403 GC heap before
{Heap before GC invocations=48 (full 0):
 garbage-first heap   total 217088K, used 172919K [0x0000000080000000, 0x0000000100000000)
  region size 1024K, 11 young (11264K), 3 survivors (3072K)
 Metaspace       used 101118K, committed 103296K, reserved 552960K
  class space    used 13576K, committed 14720K, reserved 421888K
}
Event: 235.411 GC heap after
{Heap after GC invocations=49 (full 0):
 garbage-first heap   total 217088K, used 162759K [0x0000000080000000, 0x0000000100000000)
  region size 1024K, 1 young (1024K), 1 survivors (1024K)
 Metaspace       used 101118K, committed 103296K, reserved 552960K
  class space    used 13576K, committed 14720K, reserved 421888K
}
Event: 236.349 GC heap before
{Heap before GC invocations=49 (full 0):
 garbage-first heap   total 217088K, used 187335K [0x0000000080000000, 0x0000000100000000)
  region size 1024K, 24 young (24576K), 1 survivors (1024K)
 Metaspace       used 101211K, committed 103424K, reserved 552960K
  class space    used 13586K, committed 14720K, reserved 421888K
}
Event: 236.360 GC heap after
{Heap after GC invocations=50 (full 0):
 garbage-first heap   total 217088K, used 164070K [0x0000000080000000, 0x0000000100000000)
  region size 1024K, 3 young (3072K), 3 survivors (3072K)
 Metaspace       used 101211K, committed 103424K, reserved 552960K
  class space    used 13586K, committed 14720K, reserved 421888K
}
Event: 236.645 GC heap before
{Heap before GC invocations=50 (full 0):
 garbage-first heap   total 217088K, used 175333K [0x0000000080000000, 0x0000000100000000)
  region size 1024K, 16 young (16384K), 3 survivors (3072K)
 Metaspace       used 101215K, committed 103424K, reserved 552960K
  class space    used 13586K, committed 14720K, reserved 421888K
}
Event: 236.658 GC heap after
{Heap after GC invocations=51 (full 0):
 garbage-first heap   total 217088K, used 165978K [0x0000000080000000, 0x0000000100000000)
  region size 1024K, 3 young (3072K), 3 survivors (3072K)
 Metaspace       used 101215K, committed 103424K, reserved 552960K
  class space    used 13586K, committed 14720K, reserved 421888K
}

Dll operation events (13 events):
Event: 0.029 Loaded shared library C:\Program Files\Java\jdk-19\bin\java.dll
Event: 0.074 Loaded shared library C:\Program Files\Java\jdk-19\bin\jsvml.dll
Event: 0.296 Loaded shared library C:\Program Files\Java\jdk-19\bin\net.dll
Event: 0.300 Loaded shared library C:\Program Files\Java\jdk-19\bin\nio.dll
Event: 0.314 Loaded shared library C:\Program Files\Java\jdk-19\bin\zip.dll
Event: 1.576 Loaded shared library C:\Program Files\Java\jdk-19\bin\jimage.dll
Event: 1.877 Loaded shared library C:\Program Files\Java\jdk-19\bin\verify.dll
Event: 2.903 Loaded shared library C:\Users\User\.gradle\native\68d5fa5c4cc2d200863cafc0d521ce42e7d3e7ee720ec0a83991735586a16f82\windows-amd64\native-platform.dll
Event: 2.924 Loaded shared library C:\Users\User\.gradle\native\e376f236ea51e6404a007f0833ffe2c6e607c4080706a723a18a27aeea778392\windows-amd64\native-platform-file-events.dll
Event: 7.076 Loaded shared library C:\Program Files\Java\jdk-19\bin\management.dll
Event: 7.083 Loaded shared library C:\Program Files\Java\jdk-19\bin\management_ext.dll
Event: 8.463 Loaded shared library C:\Program Files\Java\jdk-19\bin\extnet.dll
Event: 10.172 Loaded shared library C:\Program Files\Java\jdk-19\bin\sunmscapi.dll

Deoptimization events (20 events):
Event: 236.046 Thread 0x000001ca7a97d650 Uncommon trap: trap_request=0xffffffc6 fr.pc=0x000001ca67d53230 relative=0x00000000000005d0
Event: 236.046 Thread 0x000001ca7a97d650 Uncommon trap: reason=bimorphic_or_optimized_type_check action=maybe_recompile pc=0x000001ca67d53230 method=sun.security.provider.DigestBase.engineUpdate([BII)V @ 115 c2
Event: 236.046 Thread 0x000001ca7a97d650 DEOPT PACKING pc=0x000001ca67d53230 sp=0x000000864e9fc080
Event: 236.046 Thread 0x000001ca7a97d650 DEOPT UNPACKING pc=0x000001ca67086da3 sp=0x000000864e9fc048 mode 2
Event: 236.135 Thread 0x000001ca7a97d650 Uncommon trap: trap_request=0xffffff45 fr.pc=0x000001ca67b5d2c8 relative=0x00000000000000a8
Event: 236.135 Thread 0x000001ca7a97d650 Uncommon trap: reason=unstable_if action=reinterpret pc=0x000001ca67b5d2c8 method=org.gradle.api.internal.artifacts.ivyservice.resolveengine.store.DefaultBinaryStore.write(Lorg/gradle/cache/internal/BinaryStore$WriteAction;)V @ 4 c2
Event: 236.135 Thread 0x000001ca7a97d650 DEOPT PACKING pc=0x000001ca67b5d2c8 sp=0x000000864e9f9780
Event: 236.135 Thread 0x000001ca7a97d650 DEOPT UNPACKING pc=0x000001ca67086da3 sp=0x000000864e9f9708 mode 2
Event: 236.517 Thread 0x000001ca7c00eb00 Uncommon trap: trap_request=0xffffff45 fr.pc=0x000001ca67645204 relative=0x00000000000006a4
Event: 236.517 Thread 0x000001ca7c00eb00 Uncommon trap: reason=unstable_if action=reinterpret pc=0x000001ca67645204 method=java.util.concurrent.locks.AbstractQueuedSynchronizer.acquire(Ljava/util/concurrent/locks/AbstractQueuedSynchronizer$Node;IZZZJ)I @ 83 c2
Event: 236.517 Thread 0x000001ca7c00eb00 DEOPT PACKING pc=0x000001ca67645204 sp=0x000000864fafc2c0
Event: 236.517 Thread 0x000001ca7c00eb00 DEOPT UNPACKING pc=0x000001ca67086da3 sp=0x000000864fafc260 mode 2
Event: 237.029 Thread 0x000001ca7a97d650 Uncommon trap: trap_request=0xffffff45 fr.pc=0x000001ca67c8213c relative=0x000000000000493c
Event: 237.029 Thread 0x000001ca7a97d650 Uncommon trap: reason=unstable_if action=reinterpret pc=0x000001ca67c8213c method=org.gradle.internal.component.model.ComponentAttributeMatcher$CachedQuery.select([ILjava/util/Collection;)Ljava/util/List; @ 2 c2
Event: 237.029 Thread 0x000001ca7a97d650 DEOPT PACKING pc=0x000001ca67c8213c sp=0x000000864e9fbde0
Event: 237.029 Thread 0x000001ca7a97d650 DEOPT UNPACKING pc=0x000001ca67086da3 sp=0x000000864e9fbcd8 mode 2
Event: 237.029 Thread 0x000001ca7a97d650 Uncommon trap: trap_request=0xffffff45 fr.pc=0x000001ca67c8e42c relative=0x0000000000004aac
Event: 237.029 Thread 0x000001ca7a97d650 Uncommon trap: reason=unstable_if action=reinterpret pc=0x000001ca67c8e42c method=org.gradle.internal.component.model.ComponentAttributeMatcher$CachedQuery.select([ILjava/util/Collection;)Ljava/util/List; @ 2 c2
Event: 237.029 Thread 0x000001ca7a97d650 DEOPT PACKING pc=0x000001ca67c8e42c sp=0x000000864e9fbd30
Event: 237.029 Thread 0x000001ca7a97d650 DEOPT UNPACKING pc=0x000001ca67086da3 sp=0x000000864e9fbcc8 mode 2

Classes loaded (20 events):
Event: 232.926 Loading class java/util/stream/SortedOps$OfRef
Event: 232.927 Loading class java/util/stream/ReferencePipeline$StatefulOp
Event: 232.927 Loading class java/util/stream/ReferencePipeline$StatefulOp done
Event: 232.927 Loading class java/util/stream/SortedOps$OfRef done
Event: 232.931 Loading class java/util/stream/SortedOps$SizedRefSortingSink
Event: 232.931 Loading class java/util/stream/SortedOps$AbstractRefSortingSink
Event: 232.932 Loading class java/util/stream/SortedOps$AbstractRefSortingSink done
Event: 232.932 Loading class java/util/stream/SortedOps$SizedRefSortingSink done
Event: 232.943 Loading class com/sun/org/apache/xerces/internal/util/URI
Event: 233.020 Loading class com/sun/org/apache/xerces/internal/util/URI done
Event: 233.051 Loading class java/net/HttpURLConnection
Event: 233.053 Loading class java/net/HttpURLConnection done
Event: 233.054 Loading class sun/net/ProgressMonitor
Event: 233.057 Loading class sun/net/ProgressMonitor done
Event: 233.058 Loading class sun/net/DefaultProgressMeteringPolicy
Event: 233.059 Loading class sun/net/ProgressMeteringPolicy
Event: 233.059 Loading class sun/net/ProgressMeteringPolicy done
Event: 233.059 Loading class sun/net/DefaultProgressMeteringPolicy done
Event: 236.027 Loading class java/io/ObjectStreamClass$ExceptionInfo
Event: 236.027 Loading class java/io/ObjectStreamClass$ExceptionInfo done

Classes unloaded (0 events):
No events

Classes redefined (0 events):
No events

Internal exceptions (20 events):
Event: 232.902 Thread 0x000001ca7c014aa0 Exception <a 'sun/nio/fs/WindowsException'{0x000000008c9c1618}> (0x000000008c9c1618) 
thrown [s\open\src\hotspot\share\prims\jni.cpp, line 517]
Event: 232.902 Thread 0x000001ca7c014aa0 Exception <a 'sun/nio/fs/WindowsException'{0x000000008c9c3ab0}> (0x000000008c9c3ab0) 
thrown [s\open\src\hotspot\share\prims\jni.cpp, line 517]
Event: 232.917 Thread 0x000001ca7c014aa0 Exception <a 'sun/nio/fs/WindowsException'{0x000000008c9f54e8}> (0x000000008c9f54e8) 
thrown [s\open\src\hotspot\share\prims\jni.cpp, line 517]
Event: 233.082 Thread 0x000001ca7a97d650 Exception <a 'sun/nio/fs/WindowsException'{0x000000008c88abf0}> (0x000000008c88abf0) 
thrown [s\open\src\hotspot\share\prims\jni.cpp, line 517]
Event: 233.082 Thread 0x000001ca7a97d650 Exception <a 'sun/nio/fs/WindowsException'{0x000000008c88cd18}> (0x000000008c88cd18) 
thrown [s\open\src\hotspot\share\prims\jni.cpp, line 517]
Event: 233.083 Thread 0x000001ca7a97d650 Exception <a 'sun/nio/fs/WindowsException'{0x000000008c895318}> (0x000000008c895318) 
thrown [s\open\src\hotspot\share\prims\jni.cpp, line 517]
Event: 233.086 Thread 0x000001ca7a97d650 Exception <a 'sun/nio/fs/WindowsException'{0x000000008c897560}> (0x000000008c897560) 
thrown [s\open\src\hotspot\share\prims\jni.cpp, line 517]
Event: 233.149 Thread 0x000001ca7a97d650 Exception <a 'sun/nio/fs/WindowsException'{0x000000008c8c5fc8}> (0x000000008c8c5fc8) 
thrown [s\open\src\hotspot\share\prims\jni.cpp, line 517]
Event: 233.310 Thread 0x000001ca7a97d650 Exception <a 'sun/nio/fs/WindowsException'{0x000000008c702c60}> (0x000000008c702c60) 
thrown [s\open\src\hotspot\share\prims\jni.cpp, line 517]
Event: 233.310 Thread 0x000001ca7a97d650 Exception <a 'sun/nio/fs/WindowsException'{0x000000008c704f10}> (0x000000008c704f10) 
thrown [s\open\src\hotspot\share\prims\jni.cpp, line 517]
Event: 233.310 Thread 0x000001ca7a97d650 Exception <a 'sun/nio/fs/WindowsException'{0x000000008c706f30}> (0x000000008c706f30) 
thrown [s\open\src\hotspot\share\prims\jni.cpp, line 517]
Event: 233.311 Thread 0x000001ca7a97d650 Exception <a 'sun/nio/fs/WindowsException'{0x000000008c709328}> (0x000000008c709328) 
thrown [s\open\src\hotspot\share\prims\jni.cpp, line 517]
Event: 233.325 Thread 0x000001ca7a97d650 Exception <a 'sun/nio/fs/WindowsException'{0x000000008c7315b0}> (0x000000008c7315b0) 
thrown [s\open\src\hotspot\share\prims\jni.cpp, line 517]
Event: 236.026 Thread 0x000001ca7a97d650 Exception <a 'java/lang/NoSuchMethodError'{0x000000008c1c7ae0}: static Lcom/android/build/gradle/internal/scope/InternalArtifactType;.<clinit>()V> (0x000000008c1c7ae0) 
thrown [s\open\src\hotspot\share\prims\jni.cpp, line 1107]
Event: 236.026 Thread 0x000001ca7a97d650 Exception <a 'java/lang/NoSuchMethodError'{0x000000008c1c9228}: static Lcom/android/build/gradle/internal/scope/InternalArtifactType;.<clinit>()V> (0x000000008c1c9228) 
thrown [s\open\src\hotspot\share\prims\jni.cpp, line 1107]
Event: 236.027 Thread 0x000001ca7a97d650 Exception <a 'java/lang/NoSuchMethodError'{0x000000008c1cc3e0}: static Lcom/android/build/api/artifact/Artifact$Single;.<clinit>()V> (0x000000008c1cc3e0) 
thrown [s\open\src\hotspot\share\prims\jni.cpp, line 1107]
Event: 236.027 Thread 0x000001ca7a97d650 Exception <a 'java/lang/NoSuchMethodError'{0x000000008c1cebd0}: static Ljava/lang/Object;.<clinit>()V> (0x000000008c1cebd0) 
thrown [s\open\src\hotspot\share\prims\jni.cpp, line 1107]
Event: 236.045 Thread 0x000001ca7a97d650 Exception <a 'java/lang/NoSuchMethodError'{0x000000008c1e5b48}: static Lcom/android/build/api/artifact/ArtifactKind;.<clinit>()V> (0x000000008c1e5b48) 
thrown [s\open\src\hotspot\share\prims\jni.cpp, line 1107]
Event: 236.046 Thread 0x000001ca7a97d650 Exception <a 'java/lang/NoSuchMethodError'{0x000000008c1e6d10}: static Lcom/android/build/api/artifact/ArtifactKind;.<clinit>()V> (0x000000008c1e6d10) 
thrown [s\open\src\hotspot\share\prims\jni.cpp, line 1107]
Event: 237.065 Thread 0x000001ca7a97d650 Exception <a 'java/lang/NoSuchMethodError'{0x000000008ca3df10}: static Ljava/lang/Object;.<clinit>()V> (0x000000008ca3df10) 
thrown [s\open\src\hotspot\share\prims\jni.cpp, line 1107]

VM Operations (20 events):
Event: 232.931 Executing VM operation: HandshakeAllThreads done
Event: 233.944 Executing VM operation: Cleanup
Event: 233.952 Executing VM operation: Cleanup done
Event: 234.028 Executing VM operation: G1CollectForAllocation
Event: 234.043 Executing VM operation: G1CollectForAllocation done
Event: 235.050 Executing VM operation: G1CollectForAllocation
Event: 235.066 Executing VM operation: G1CollectForAllocation done
Event: 235.403 Executing VM operation: G1TryInitiateConcMark
Event: 235.411 Executing VM operation: G1TryInitiateConcMark done
Event: 235.947 Executing VM operation: HandshakeAllThreads
Event: 236.034 Executing VM operation: HandshakeAllThreads done
Event: 236.130 Executing VM operation: HandshakeAllThreads
Event: 236.130 Executing VM operation: HandshakeAllThreads done
Event: 236.134 Executing VM operation: HandshakeAllThreads
Event: 236.134 Executing VM operation: HandshakeAllThreads done
Event: 236.279 Executing VM operation: G1CollectForAllocation
Event: 236.362 Executing VM operation: G1CollectForAllocation done
Event: 236.645 Executing VM operation: G1TryInitiateConcMark
Event: 236.658 Executing VM operation: G1TryInitiateConcMark done
Event: 237.295 Executing VM operation: G1PauseRemark

Events (20 events):
Event: 209.771 Thread 0x000001ca75c1b7d0 flushing nmethod 0x000001ca611a9a90
Event: 209.771 Thread 0x000001ca75c1b7d0 flushing nmethod 0x000001ca611f0d90
Event: 209.772 Thread 0x000001ca75c1b7d0 flushing nmethod 0x000001ca61206b10
Event: 209.772 Thread 0x000001ca75c1b7d0 flushing nmethod 0x000001ca61207910
Event: 209.772 Thread 0x000001ca75c1b7d0 flushing nmethod 0x000001ca61244190
Event: 209.772 Thread 0x000001ca75c1b7d0 flushing nmethod 0x000001ca61266b10
Event: 209.773 Thread 0x000001ca75c1b7d0 flushing nmethod 0x000001ca612bb110
Event: 209.774 Thread 0x000001ca75c1b7d0 flushing nmethod 0x000001ca612d8610
Event: 209.774 Thread 0x000001ca75c1b7d0 flushing nmethod 0x000001ca61327290
Event: 209.774 Thread 0x000001ca75c1b7d0 flushing nmethod 0x000001ca61329210
Event: 209.774 Thread 0x000001ca75c1b7d0 flushing nmethod 0x000001ca6132ff10
Event: 209.774 Thread 0x000001ca75c1b7d0 flushing nmethod 0x000001ca61330310
Event: 209.774 Thread 0x000001ca75c1b7d0 flushing nmethod 0x000001ca61330790
Event: 217.235 Thread 0x000001ca0462df10 Thread added: 0x000001ca0462df10
Event: 236.043 Thread 0x000001ca75c1b7d0 flushing nmethod 0x000001ca5fc73810
Event: 236.053 Thread 0x000001ca75c1b7d0 flushing nmethod 0x000001ca6058ba10
Event: 236.057 Thread 0x000001ca75c1b7d0 flushing nmethod 0x000001ca60869210
Event: 236.069 Thread 0x000001ca75c1b7d0 flushing nmethod 0x000001ca61330e90
Event: 236.069 Thread 0x000001ca75c1b7d0 flushing nmethod 0x000001ca61331210
Event: 236.069 Thread 0x000001ca75c1b7d0 flushing nmethod 0x000001ca61331590


Dynamic libraries:
0x00007ff7154f0000 - 0x00007ff715500000 	C:\Program Files\Java\jdk-19\bin\java.exe
0x00007ff91e090000 - 0x00007ff91e287000 	C:\Windows\SYSTEM32\ntdll.dll
0x00007ff91c7e0000 - 0x00007ff91c89d000 	C:\Windows\System32\KERNEL32.DLL
0x00007ff91b820000 - 0x00007ff91bb16000 	C:\Windows\System32\KERNELBASE.dll
0x00007ff91bb20000 - 0x00007ff91bc20000 	C:\Windows\System32\ucrtbase.dll
0x00007ff90cb30000 - 0x00007ff90cb48000 	C:\Program Files\Java\jdk-19\bin\jli.dll
0x00007ff91dfa0000 - 0x00007ff91e04e000 	C:\Windows\System32\ADVAPI32.dll
0x00007ff8ec250000 - 0x00007ff8ec26b000 	C:\Program Files\Java\jdk-19\bin\VCRUNTIME140.dll
0x00007ff91c3b0000 - 0x00007ff91c44e000 	C:\Windows\System32\msvcrt.dll
0x00007ff91df00000 - 0x00007ff91df9c000 	C:\Windows\System32\sechost.dll
0x00007ff91c8a0000 - 0x00007ff91c9c6000 	C:\Windows\System32\RPCRT4.dll
0x00007ff91dd40000 - 0x00007ff91dede000 	C:\Windows\System32\USER32.dll
0x00007ff91b7f0000 - 0x00007ff91b812000 	C:\Windows\System32\win32u.dll
0x00007ff91c7b0000 - 0x00007ff91c7dc000 	C:\Windows\System32\GDI32.dll
0x00007ff91bd50000 - 0x00007ff91be6a000 	C:\Windows\System32\gdi32full.dll
0x00007ff91bc20000 - 0x00007ff91bcbd000 	C:\Windows\System32\msvcp_win.dll
0x00007ff902900000 - 0x00007ff902b9a000 	C:\Windows\WinSxS\amd64_microsoft.windows.common-controls_6595b64144ccf1df_6.0.19041.3570_none_60bb2a3971f3e41a\COMCTL32.dll
0x00007ff911960000 - 0x00007ff91196a000 	C:\Windows\SYSTEM32\VERSION.dll
0x00007ff91cbd0000 - 0x00007ff91cc00000 	C:\Windows\System32\IMM32.DLL
0x00007ff8ff4b0000 - 0x00007ff8ff4bc000 	C:\Program Files\Java\jdk-19\bin\vcruntime140_1.dll
0x00007ff8a9fe0000 - 0x00007ff8aa06e000 	C:\Program Files\Java\jdk-19\bin\msvcp140.dll
0x00007ff886260000 - 0x00007ff886f20000 	C:\Program Files\Java\jdk-19\bin\server\jvm.dll
0x00007ff90eaf0000 - 0x00007ff90eaf9000 	C:\Windows\SYSTEM32\WSOCK32.dll
0x00007ff91d6b0000 - 0x00007ff91d71b000 	C:\Windows\System32\WS2_32.dll
0x00007ff9027e0000 - 0x00007ff902807000 	C:\Windows\SYSTEM32\WINMM.dll
0x00007ff919610000 - 0x00007ff919622000 	C:\Windows\SYSTEM32\kernel.appcore.dll
0x00007ff8fedb0000 - 0x00007ff8fedba000 	C:\Program Files\Java\jdk-19\bin\jimage.dll
0x00007ff918eb0000 - 0x00007ff919094000 	C:\Windows\SYSTEM32\DBGHELP.DLL
0x00007ff914c30000 - 0x00007ff914c64000 	C:\Windows\SYSTEM32\dbgcore.DLL
0x00007ff91bcc0000 - 0x00007ff91bd42000 	C:\Windows\System32\bcryptPrimitives.dll
0x00007ff8ec220000 - 0x00007ff8ec246000 	C:\Program Files\Java\jdk-19\bin\java.dll
0x00007ff891d30000 - 0x00007ff891e07000 	C:\Program Files\Java\jdk-19\bin\jsvml.dll
0x00007ff91cc00000 - 0x00007ff91d344000 	C:\Windows\System32\SHELL32.dll
0x00007ff919810000 - 0x00007ff919fab000 	C:\Windows\SYSTEM32\windows.storage.dll
0x00007ff91d350000 - 0x00007ff91d6a4000 	C:\Windows\System32\combase.dll
0x00007ff91b0e0000 - 0x00007ff91b10d000 	C:\Windows\SYSTEM32\Wldp.dll
0x00007ff91cb20000 - 0x00007ff91cbcd000 	C:\Windows\System32\SHCORE.dll
0x00007ff91c9d0000 - 0x00007ff91ca25000 	C:\Windows\System32\shlwapi.dll
0x00007ff91b6a0000 - 0x00007ff91b6c5000 	C:\Windows\SYSTEM32\profapi.dll
0x00007ff8ec200000 - 0x00007ff8ec213000 	C:\Program Files\Java\jdk-19\bin\net.dll
0x00007ff9124e0000 - 0x00007ff9125ea000 	C:\Windows\SYSTEM32\WINHTTP.dll
0x00007ff91ae40000 - 0x00007ff91aeaa000 	C:\Windows\system32\mswsock.dll
0x00007ff8ec1e0000 - 0x00007ff8ec1f6000 	C:\Program Files\Java\jdk-19\bin\nio.dll
0x00007ff8ebac0000 - 0x00007ff8ebad8000 	C:\Program Files\Java\jdk-19\bin\zip.dll
0x00007ff8fe840000 - 0x00007ff8fe850000 	C:\Program Files\Java\jdk-19\bin\verify.dll
0x00007ff8dafd0000 - 0x00007ff8daff7000 	C:\Users\User\.gradle\native\68d5fa5c4cc2d200863cafc0d521ce42e7d3e7ee720ec0a83991735586a16f82\windows-amd64\native-platform.dll
0x00007ff888510000 - 0x00007ff888654000 	C:\Users\User\.gradle\native\e376f236ea51e6404a007f0833ffe2c6e607c4080706a723a18a27aeea778392\windows-amd64\native-platform-file-events.dll
0x00007ff8fe810000 - 0x00007ff8fe81a000 	C:\Program Files\Java\jdk-19\bin\management.dll
0x00007ff8fe610000 - 0x00007ff8fe61b000 	C:\Program Files\Java\jdk-19\bin\management_ext.dll
0x00007ff91c450000 - 0x00007ff91c458000 	C:\Windows\System32\PSAPI.DLL
0x00007ff91b040000 - 0x00007ff91b058000 	C:\Windows\SYSTEM32\CRYPTSP.dll
0x00007ff91a750000 - 0x00007ff91a784000 	C:\Windows\system32\rsaenh.dll
0x00007ff91b770000 - 0x00007ff91b797000 	C:\Windows\System32\bcrypt.dll
0x00007ff91b660000 - 0x00007ff91b68e000 	C:\Windows\SYSTEM32\USERENV.dll
0x00007ff91b030000 - 0x00007ff91b03c000 	C:\Windows\SYSTEM32\CRYPTBASE.dll
0x00007ff91ab30000 - 0x00007ff91ab6b000 	C:\Windows\SYSTEM32\IPHLPAPI.DLL
0x00007ff91ca30000 - 0x00007ff91ca38000 	C:\Windows\System32\NSI.dll
0x00007ff913630000 - 0x00007ff913647000 	C:\Windows\SYSTEM32\dhcpcsvc6.DLL
0x00007ff913f60000 - 0x00007ff913f7d000 	C:\Windows\SYSTEM32\dhcpcsvc.DLL
0x00007ff91ab70000 - 0x00007ff91ac3a000 	C:\Windows\SYSTEM32\DNSAPI.dll
0x00007ff8f4df0000 - 0x00007ff8f4df8000 	C:\Program Files\Java\jdk-19\bin\extnet.dll
0x00007ff8f22b0000 - 0x00007ff8f22be000 	C:\Program Files\Java\jdk-19\bin\sunmscapi.dll
0x00007ff91be70000 - 0x00007ff91bfcd000 	C:\Windows\System32\CRYPT32.dll
0x00007ff91b150000 - 0x00007ff91b177000 	C:\Windows\SYSTEM32\ncrypt.dll
0x00007ff91b110000 - 0x00007ff91b14b000 	C:\Windows\SYSTEM32\NTASN1.dll
0x00007ff891860000 - 0x00007ff891867000 	C:\Windows\system32\wshunix.dll

dbghelp: loaded successfully - version: 4.0.5 - missing functions: none
symbol engine: initialized successfully - sym options: 0x614 - pdb path: .;C:\Program Files\Java\jdk-19\bin;C:\Windows\SYSTEM32;C:\Windows\WinSxS\amd64_microsoft.windows.common-controls_6595b64144ccf1df_6.0.19041.3570_none_60bb2a3971f3e41a;C:\Program Files\Java\jdk-19\bin\server;C:\Users\User\.gradle\native\68d5fa5c4cc2d200863cafc0d521ce42e7d3e7ee720ec0a83991735586a16f82\windows-amd64;C:\Users\User\.gradle\native\e376f236ea51e6404a007f0833ffe2c6e607c4080706a723a18a27aeea778392\windows-amd64

VM Arguments:
jvm_args: -XX:MaxMetaspaceSize=512m --add-opens=java.base/java.util=ALL-UNNAMED --add-opens=java.base/java.lang=ALL-UNNAMED --add-opens=java.base/java.lang.invoke=ALL-UNNAMED --add-opens=java.prefs/java.util.prefs=ALL-UNNAMED --add-opens=java.base/java.nio.charset=ALL-UNNAMED --add-opens=java.base/java.net=ALL-UNNAMED --add-opens=java.base/java.util.concurrent.atomic=ALL-UNNAMED -Xmx2048m -Dfile.encoding=UTF-8 -Duser.country=US -Duser.language=en -Duser.variant 
java_command: org.gradle.launcher.daemon.bootstrap.GradleDaemon 8.0.1
java_class_path (initial): C:\Users\User\.gradle\wrapper\dists\gradle-8.0.1-all\aro4hu1c3oeioove7l0i4i14o\gradle-8.0.1\lib\gradle-launcher-8.0.1.jar
Launcher Type: SUN_STANDARD

[Global flags]
     intx CICompilerCount                          = 3                                         {product} {ergonomic}
   size_t CompressedClassSpaceSize                 = 432013312                                 {product} {ergonomic}
     uint ConcGCThreads                            = 1                                         {product} {ergonomic}
     uint G1ConcRefinementThreads                  = 4                                         {product} {ergonomic}
   size_t G1HeapRegionSize                         = 1048576                                   {product} {ergonomic}
    uintx GCDrainStackTargetSize                   = 64                                        {product} {ergonomic}
   size_t InitialHeapSize                          = 130023424                                 {product} {ergonomic}
   size_t MarkStackSize                            = 4194304                                   {product} {ergonomic}
   size_t MaxHeapSize                              = 2147483648                                {product} {command line}
   size_t MaxMetaspaceSize                         = 536870912                                 {product} {command line}
   size_t MaxNewSize                               = 1287651328                                {product} {ergonomic}
   size_t MinHeapDeltaBytes                        = 1048576                                   {product} {ergonomic}
   size_t MinHeapSize                              = 8388608                                   {product} {ergonomic}
    uintx NonNMethodCodeHeapSize                   = 5832780                                {pd product} {ergonomic}
    uintx NonProfiledCodeHeapSize                  = 122912730                              {pd product} {ergonomic}
    uintx ProfiledCodeHeapSize                     = 122912730                              {pd product} {ergonomic}
    uintx ReservedCodeCacheSize                    = 251658240                              {pd product} {ergonomic}
     bool SegmentedCodeCache                       = true                                      {product} {ergonomic}
   size_t SoftMaxHeapSize                          = 2147483648                             {manageable} {ergonomic}
     bool UseCompressedClassPointers               = true                           {product lp64_product} {ergonomic}
     bool UseCompressedOops                        = true                           {product lp64_product} {ergonomic}
     bool UseG1GC                                  = true                                      {product} {ergonomic}
     bool UseLargePagesIndividualAllocation        = false                                  {pd product} {ergonomic}

Logging:
Log output configuration:
 #0: stdout all=warning uptime,level,tags foldmultilines=false
 #1: stderr all=off uptime,level,tags foldmultilines=false

Environment Variables:
JAVA_HOME=C:\Program Files\Java\jdk-19
CLASSPATH=D:\Data 1\mobileApps\DoctorApp\android\\gradle\wrapper\gradle-wrapper.jar
PATH=D:\Data 1\mobileApps\DoctorApp\node_modules\.bin;D:\Data 1\mobileApps\DoctorApp\node_modules\.bin;D:\Data 1\mobileApps\node_modules\.bin;D:\Data 1\node_modules\.bin;D:\node_modules\.bin;C:\Program Files\nodejs\node_modules\npm\node_modules\@npmcli\run-script\lib\node-gyp-bin;C:\Program Files\Common Files\Oracle\Java\javapath;C:\Program Files\Zulu\zulu-11-jre\bin\;C:\Windows\system32;C:\Windows;C:\Windows\System32\Wbem;C:\Windows\System32\WindowsPowerShell\v1.0\;C:\Windows\System32\OpenSSH\;C:\Program Files (x86)\Microsoft SQL Server\160\Tools\Binn\;C:\Program Files\Microsoft SQL Server\160\Tools\Binn\;C:\Program Files\Microsoft SQL Server\Client SDK\ODBC\170\Tools\Binn\;C:\Program Files\Microsoft SQL Server\160\DTS\Binn\;C:\Program Files (x86)\Microsoft SQL Server\160\DTS\Binn\;C:\Program Files (x86)\Microsoft SQL Server\150\DTS\Binn\;D:\Data 1\nodejs;C:\Program Files\Git\cmd;C:\Python27;C:\Program Files\Java\jdk-16.0.2\bin;C:\Program Files\Java\jdk-16.0.2\bin;C:\Program Files\Microsoft SQL Server;C:\xampp\php;C:\ProgramData\ComposerSetup\bin;C:\Program Files (x86)\Yarn\bin\;C:\Program Files\Java\jdk-16.0.2\bin;C:\Program Files\Java\jdk-16.0.2\bin;C:\Users\User\AppData\Local\Android\Sdk;C:\Program Files\nodejs;C:\Program Files\Java\jdk-19;C:\Program Files\nodejs\;D:\Genymotion\tools;C:\Program Files\MySQL\MySQL Shell 8.0\bin\;C:\Users\User\anaconda3;C:\Users\User\anaconda3\Library\mingw-w64\bin;C:\Users\User\anaconda3\Library\usr\bin;C:\Users\User\anaconda3\Library\bin;C:\Users\User\anaconda3\Scripts;C:\Users\User\AppData\Local\Microsoft\WindowsApps;C:\Program Files\Azure Data Studio\bin;D:\Data 1\nodejs;C:\Users\User\anaconda3\condabin\conda.bat;C:\Program Files\JetBrains\PyCharm 2022.3.1\bin;;C:\Users\User\AppData\Roaming\Composer\vendor\bin;C:\Users\User\AppData\Local\Yarn\bin;C:\Users\User\AppData\Local\Programs\Microsoft VS Code\bin;C:\Users\User\AppData\Local\Android\Sdk;C:\Users\User\AppData\Local\Android\Sdk\platform-tools;C:\Users\User\AppData\Local\Android\Sdk\emulator;C:\Users\User\AppData\Local\Android\Sdk\tools;C:\Users\User\AppData\Local\Android\Sdk\tools\bin;C:\Users\User\AppData\Roaming\npm
USERNAME=User
LANG=en_US.UTF-8
OS=Windows_NT
PROCESSOR_IDENTIFIER=Intel64 Family 6 Model 61 Stepping 4, GenuineIntel
TMP=C:\Users\User\AppData\Local\Temp
TEMP=C:\Users\User\AppData\Local\Temp



---------------  S Y S T E M  ---------------

OS:
 Windows 10 , 64 bit Build 19041 (10.0.19041.3570)
OS uptime: 0 days 6:55 hours

CPU: total 4 (initial active 4) (2 cores per cpu, 2 threads per core) family 6 model 61 stepping 4 microcode 0x2d, cx8, cmov, fxsr, ht, mmx, 3dnowpref, sse, sse2, sse3, ssse3, sse4.1, sse4.2, popcnt, lzcnt, tsc, tscinvbit, avx, avx2, aes, erms, clmul, bmi1, bmi2, adx, fma, vzeroupper, clflush, rdtscp

Memory: 4k page, system-wide physical 7822M (331M free)
TotalPageFile size 15084M (AvailPageFile size 36M)
current process WorkingSet (physical memory assigned to process): 415M, peak: 476M
current process commit charge ("private bytes"): 523M, peak: 616M

vm_info: Java HotSpot(TM) 64-Bit Server VM (19.0.1+10-21) for windows-amd64 JRE (19.0.1+10-21), built on 2022-09-14T12:45:06Z by "mach5one" with MS VC++ 17.1 (VS2022)

END.
